#
# There is insufficient memory for the Java Runtime Environment to continue.
# Native memory allocation (malloc) failed to allocate 1699840 bytes for Chunk::new
# Possible reasons:
#   The system is out of physical RAM or swap space
#   The process is running with CompressedOops enabled, and the Java Heap may be blocking the growth of the native heap
# Possible solutions:
#   Reduce memory load on the system
#   Increase physical memory or swap space
#   Check if swap backing store is full
#   Decrease Java heap size (-Xmx/-Xms)
#   Decrease number of Java threads
#   Decrease Java thread stack sizes (-Xss)
#   Set larger code cache with -XX:ReservedCodeCacheSize=
#   JVM is running with Unscaled Compressed Oops mode in which the Java heap is
#     placed in the first 4GB address space. The Java Heap base address is the
#     maximum limit for the native heap growth. Please use -XX:HeapBaseMinAddress
#     to set the Java Heap base and to place the Java Heap above 4GB virtual address.
# This output file may be truncated or incomplete.
#
#  Out of Memory Error (./open/src/hotspot/share/memory/arena.cpp:195), pid=17412, tid=5984
#
# JRE version: Java(TM) SE Runtime Environment (14.0.2+12) (build 14.0.2+12-46)
# Java VM: Java HotSpot(TM) 64-Bit Server VM (14.0.2+12-46, mixed mode, sharing, tiered, compressed oops, parallel gc, windows-amd64)
# No core dump will be written. Minidumps are not enabled by default on client versions of Windows
#

---------------  S U M M A R Y ------------

Command Line: --add-modules=ALL-SYSTEM --add-opens=java.base/java.util=ALL-UNNAMED --add-opens=java.base/java.lang=ALL-UNNAMED -Declipse.application=org.eclipse.jdt.ls.core.id1 -Dosgi.bundles.defaultStartLevel=4 -Declipse.product=org.eclipse.jdt.ls.core.product -Dfile.encoding=utf8 -DwatchParentProcess=false -XX:+UseParallelGC -XX:GCTimeRatio=4 -XX:AdaptiveSizePolicyWeight=90 -Dsun.zip.disableMemoryMapping=true -Xmx1G -Xms100m c:\Users\Aurel\.vscode\extensions\redhat.java-0.66.0\server\plugins\org.eclipse.equinox.launcher_1.5.800.v20200727-1323.jar -configuration c:\Users\Aurel\AppData\Roaming\Code\User\globalStorage\redhat.java\0.66.0\config_win -data c:\Users\Aurel\AppData\Roaming\Code\User\workspaceStorage\cd36652f1d942c2d52fc102882996ab9\redhat.java\jdt_ws

Host: Intel(R) Core(TM) i5-6200U CPU @ 2.30GHz, 4 cores, 7G,  Windows 10 , 64 bit Build 17134 (10.0.17134.753)
Time: Fri Sep 18 16:14:50 2020 Paris, Madrid (heure d?été) elapsed time: 7 seconds (0d 0h 0m 7s)

---------------  T H R E A D  ---------------

Current thread (0x0000022757540800):  JavaThread "C2 CompilerThread1" daemon [_thread_in_native, id=5984, stack(0x000000934d400000,0x000000934d500000)]


Current CompileTask:
C2:   7680 3051   !   4       com.google.inject.spi.InjectionPoint::getInjectionPoints (489 bytes)

Stack: [0x000000934d400000,0x000000934d500000]
Native frames: (J=compiled Java code, j=interpreted, Vv=VM code, C=native code)
V  [jvm.dll+0x5f8a9a]
V  [jvm.dll+0x74247a]
V  [jvm.dll+0x743c2f]
V  [jvm.dll+0x744273]
V  [jvm.dll+0x20d288]
V  [jvm.dll+0xabb07]
V  [jvm.dll+0xac1fc]
V  [jvm.dll+0x31c495]
V  [jvm.dll+0x18cc10]
V  [jvm.dll+0x1e5efa]
V  [jvm.dll+0x1e50b8]
V  [jvm.dll+0x1779cc]
V  [jvm.dll+0x1f4105]
V  [jvm.dll+0x1f22eb]
V  [jvm.dll+0x7070cd]
V  [jvm.dll+0x6ffeda]
V  [jvm.dll+0x5f78f6]
C  [ucrtbase.dll+0x1e3fe]
C  [KERNEL32.DLL+0x14034]
C  [ntdll.dll+0x73691]


---------------  P R O C E S S  ---------------

Threads class SMR info:
_java_thread_list=0x000002275640a6a0, length=20, elements={
0x000002273a4e0000, 0x000002273a59b000, 0x000002273a59d800, 0x000002275460d800,
0x000002275460f000, 0x0000022754610000, 0x0000022754613000, 0x00000227557b8800,
0x000002275467b000, 0x000002275585e800, 0x000002275594a000, 0x0000022755f5f800,
0x0000022755fa0000, 0x0000022755fa1800, 0x0000022755f9d000, 0x00000227561b4800,
0x000002275632a800, 0x0000022756321800, 0x00000227570f7800, 0x0000022757540800
}

Java Threads: ( => current thread )
  0x000002273a4e0000 JavaThread "main" [_thread_blocked, id=8800, stack(0x000000934ba00000,0x000000934bb00000)]
  0x000002273a59b000 JavaThread "Reference Handler" daemon [_thread_blocked, id=13840, stack(0x000000934bd00000,0x000000934be00000)]
  0x000002273a59d800 JavaThread "Finalizer" daemon [_thread_blocked, id=6072, stack(0x000000934be00000,0x000000934bf00000)]
  0x000002275460d800 JavaThread "Signal Dispatcher" daemon [_thread_blocked, id=19772, stack(0x000000934bf00000,0x000000934c000000)]
  0x000002275460f000 JavaThread "Attach Listener" daemon [_thread_blocked, id=19244, stack(0x000000934c000000,0x000000934c100000)]
  0x0000022754610000 JavaThread "Service Thread" daemon [_thread_blocked, id=2348, stack(0x000000934c100000,0x000000934c200000)]
  0x0000022754613000 JavaThread "C2 CompilerThread0" daemon [_thread_blocked, id=18492, stack(0x000000934c200000,0x000000934c300000)]
  0x00000227557b8800 JavaThread "C1 CompilerThread0" daemon [_thread_blocked, id=10368, stack(0x000000934c300000,0x000000934c400000)]
  0x000002275467b000 JavaThread "Sweeper thread" daemon [_thread_blocked, id=14984, stack(0x000000934c400000,0x000000934c500000)]
  0x000002275585e800 JavaThread "Common-Cleaner" daemon [_thread_blocked, id=1304, stack(0x000000934c500000,0x000000934c600000)]
  0x000002275594a000 JavaThread "Notification Thread" daemon [_thread_blocked, id=11516, stack(0x000000934c600000,0x000000934c700000)]
  0x0000022755f5f800 JavaThread "Active Thread: Equinox Container: 22f45be6-3dc9-4ac8-ac9e-1ce7a3acb4c0" [_thread_blocked, id=18196, stack(0x000000934c900000,0x000000934ca00000)]
  0x0000022755fa0000 JavaThread "Framework Event Dispatcher: Equinox Container: 22f45be6-3dc9-4ac8-ac9e-1ce7a3acb4c0" daemon [_thread_blocked, id=8548, stack(0x000000934c800000,0x000000934c900000)]
  0x0000022755fa1800 JavaThread "Start Level: Equinox Container: 22f45be6-3dc9-4ac8-ac9e-1ce7a3acb4c0" daemon [_thread_in_Java, id=15748, stack(0x000000934ca00000,0x000000934cb00000)]
  0x0000022755f9d000 JavaThread "SCR Component Actor" daemon [_thread_blocked, id=15012, stack(0x000000934ce00000,0x000000934cf00000)]
  0x00000227561b4800 JavaThread "Worker-JM" [_thread_blocked, id=20204, stack(0x000000934d000000,0x000000934d100000)]
  0x000002275632a800 JavaThread "Worker-0" [_thread_blocked, id=13768, stack(0x000000934d100000,0x000000934d200000)]
  0x0000022756321800 JavaThread "Worker-1" [_thread_blocked, id=3584, stack(0x000000934d200000,0x000000934d300000)]
  0x00000227570f7800 JavaThread "Java indexing" daemon [_thread_blocked, id=18000, stack(0x000000934d300000,0x000000934d400000)]
=>0x0000022757540800 JavaThread "C2 CompilerThread1" daemon [_thread_in_native, id=5984, stack(0x000000934d400000,0x000000934d500000)]

Other Threads:
  0x00000227545ff800 VMThread "VM Thread" [stack: 0x000000934bc00000,0x000000934bd00000] [id=9592]
  0x000002275594b800 WatcherThread [stack: 0x000000934c700000,0x000000934c800000] [id=7932]
  0x000002273a4f6000 GCTaskThread "GC Thread#0" [stack: 0x000000934bb00000,0x000000934bc00000] [id=19356]
  0x0000022755fa7000 GCTaskThread "GC Thread#1" [stack: 0x000000934cb00000,0x000000934cc00000] [id=14464]
  0x0000022755fa7800 GCTaskThread "GC Thread#2" [stack: 0x000000934cc00000,0x000000934cd00000] [id=1128]
  0x0000022755fa8800 GCTaskThread "GC Thread#3" [stack: 0x000000934cd00000,0x000000934ce00000] [id=16952]

Threads with active compile tasks:
C2 CompilerThread1     7734 3051   !   4       com.google.inject.spi.InjectionPoint::getInjectionPoints (489 bytes)

VM state:not at safepoint (normal execution)

VM Mutex/Monitor currently owned by a thread: None

Heap address: 0x00000000c0000000, size: 1024 MB, Compressed Oops mode: 32-bit
Narrow klass base: 0x0000000800000000, Narrow klass shift: 3
Compressed class space size: 1073741824 Address: 0x0000000800b30000

Heap:
 PSYoungGen      total 28672K, used 27021K [0x00000000eab00000, 0x00000000ecb80000, 0x0000000100000000)
  eden space 25088K, 93% used [0x00000000eab00000,0x00000000ec1f2408,0x00000000ec380000)
  from space 3584K, 98% used [0x00000000ec400000,0x00000000ec771348,0x00000000ec780000)
  to   space 4096K, 0% used [0x00000000ec780000,0x00000000ec780000,0x00000000ecb80000)
 ParOldGen       total 68608K, used 8500K [0x00000000c0000000, 0x00000000c4300000, 0x00000000eab00000)
  object space 68608K, 12% used [0x00000000c0000000,0x00000000c084d208,0x00000000c4300000)
 Metaspace       used 29665K, capacity 31252K, committed 31488K, reserved 1077248K
  class space    used 3163K, capacity 3760K, committed 3840K, reserved 1048576K

Card table byte_map: [0x0000022739e90000,0x000002273a0a0000] _byte_map_base: 0x0000022739890000

Marking Bits: (ParMarkBitMap*) 0x00007ffaf2e7a220
 Begin Bits: [0x0000022751c80000, 0x0000022752c80000)
 End Bits:   [0x0000022752c80000, 0x0000022753c80000)

Polling page: 0x00000227384d0000

Metaspace:

Usage:
  Non-class:     26.85 MB capacity,    25.88 MB ( 96%) used,   937.91 KB (  3%) free+waste,    51.38 KB ( <1%) overhead. 
      Class:      3.67 MB capacity,     3.09 MB ( 84%) used,   571.15 KB ( 15%) free+waste,    25.75 KB ( <1%) overhead. 
       Both:     30.52 MB capacity,    28.97 MB ( 95%) used,     1.47 MB (  5%) free+waste,    77.13 KB ( <1%) overhead. 

Virtual space:
  Non-class space:       28.00 MB reserved,      27.00 MB ( 96%) committed 
      Class space:        1.00 GB reserved,       3.75 MB ( <1%) committed 
             Both:        1.03 GB reserved,      30.75 MB (  3%) committed 

Chunk freelists:
   Non-Class:  28.00 KB
       Class:  16.00 KB
        Both:  44.00 KB

MaxMetaspaceSize: 17179869184.00 GB
CompressedClassSpaceSize: 1.00 GB

CodeHeap 'non-profiled nmethods': size=120000Kb used=1388Kb max_used=1388Kb free=118611Kb
 bounds [0x000002274a750000, 0x000002274a9c0000, 0x0000022751c80000]
CodeHeap 'profiled nmethods': size=120000Kb used=7475Kb max_used=7475Kb free=112524Kb
 bounds [0x0000022743220000, 0x0000022743970000, 0x000002274a750000]
CodeHeap 'non-nmethods': size=5760Kb used=1258Kb max_used=1282Kb free=4501Kb
 bounds [0x0000022742c80000, 0x0000022742ef0000, 0x0000022743220000]
 total_blobs=3847 nmethods=3313 adapters=447
 compilation: enabled
              stopped_count=0, restarted_count=0
 full_count=0

Compilation events (20 events):
Event: 7.639 Thread 0x0000022754613000 3271       4       java.lang.reflect.Modifier::isStatic (13 bytes)
Event: 7.640 Thread 0x0000022754613000 nmethod 3271 0x000002274a8a6510 code [0x000002274a8a6680, 0x000002274a8a66d8]
Event: 7.640 Thread 0x0000022754613000 3272       4       java.lang.invoke.VarForm::getMemberName (21 bytes)
Event: 7.640 Thread 0x0000022754613000 nmethod 3272 0x000002274a8a6810 code [0x000002274a8a69c0, 0x000002274a8a6ad8]
Event: 7.641 Thread 0x0000022754613000 3266       4       java.util.ArrayList::grow (60 bytes)
Event: 7.645 Thread 0x0000022754613000 nmethod 3266 0x000002274a8a6b90 code [0x000002274a8a6d40, 0x000002274a8a7158]
Event: 7.662 Thread 0x0000022754613000 3285       4       java.lang.Character::charCount (12 bytes)
Event: 7.663 Thread 0x0000022754613000 nmethod 3285 0x000002274a8a7310 code [0x000002274a8a74a0, 0x000002274a8a7518]
Event: 7.664 Thread 0x00000227557b8800 3286       1       com.google.inject.internal.ProvisionListenerStackCallback::access$100 (5 bytes)
Event: 7.664 Thread 0x00000227557b8800 nmethod 3286 0x000002274a8a7610 code [0x000002274a8a77a0, 0x000002274a8a7838]
Event: 7.664 Thread 0x00000227557b8800 3287   !   3       com.google.inject.internal.ProvisionListenerStackCallback$Provision::provision (140 bytes)
Event: 7.665 Thread 0x00000227557b8800 nmethod 3287 0x000002274395ac10 code [0x000002274395ae20, 0x000002274395b4e8]
Event: 7.665 Thread 0x00000227557b8800 3288       3       com.google.inject.internal.BindingImpl::acceptScopingVisitor (9 bytes)
Event: 7.665 Thread 0x00000227557b8800 nmethod 3288 0x000002274395b810 code [0x000002274395b9c0, 0x000002274395bba8]
Event: 7.666 Thread 0x00000227557b8800 3289       1       com.google.inject.internal.ConstructionContext::isConstructing (5 bytes)
Event: 7.666 Thread 0x00000227557b8800 nmethod 3289 0x000002274a8a7910 code [0x000002274a8a7aa0, 0x000002274a8a7b78]
Event: 7.666 Thread 0x00000227557b8800 3290       1       com.google.inject.name.NamedImpl::value (5 bytes)
Event: 7.666 Thread 0x00000227557b8800 nmethod 3290 0x000002274a8a7c10 code [0x000002274a8a7da0, 0x000002274a8a7e78]
Event: 7.668 Thread 0x00000227557b8800 3291       3       com.google.inject.internal.Scoping$1::acceptVisitor (7 bytes)
Event: 7.669 Thread 0x00000227557b8800 nmethod 3291 0x000002274395bc90 code [0x000002274395be40, 0x000002274395c028]

GC Heap History (12 events):
Event: 2.046 GC heap before
{Heap before GC invocations=1 (full 0):
 PSYoungGen      total 29696K, used 25600K [0x00000000eab00000, 0x00000000ecc00000, 0x0000000100000000)
  eden space 25600K, 100% used [0x00000000eab00000,0x00000000ec400000,0x00000000ec400000)
  from space 4096K, 0% used [0x00000000ec800000,0x00000000ec800000,0x00000000ecc00000)
  to   space 4096K, 0% used [0x00000000ec400000,0x00000000ec400000,0x00000000ec800000)
 ParOldGen       total 68608K, used 0K [0x00000000c0000000, 0x00000000c4300000, 0x00000000eab00000)
  object space 68608K, 0% used [0x00000000c0000000,0x00000000c0000000,0x00000000c4300000)
 Metaspace       used 7037K, capacity 7493K, committed 7680K, reserved 1056768K
  class space    used 691K, capacity 734K, committed 768K, reserved 1048576K
}
Event: 2.060 GC heap after
{Heap after GC invocations=1 (full 0):
 PSYoungGen      total 29696K, used 4089K [0x00000000eab00000, 0x00000000ecc00000, 0x0000000100000000)
  eden space 25600K, 0% used [0x00000000eab00000,0x00000000eab00000,0x00000000ec400000)
  from space 4096K, 99% used [0x00000000ec400000,0x00000000ec7fe650,0x00000000ec800000)
  to   space 4096K, 0% used [0x00000000ec800000,0x00000000ec800000,0x00000000ecc00000)
 ParOldGen       total 68608K, used 368K [0x00000000c0000000, 0x00000000c4300000, 0x00000000eab00000)
  object space 68608K, 0% used [0x00000000c0000000,0x00000000c005c010,0x00000000c4300000)
 Metaspace       used 7037K, capacity 7493K, committed 7680K, reserved 1056768K
  class space    used 691K, capacity 734K, committed 768K, reserved 1048576K
}
Event: 3.414 GC heap before
{Heap before GC invocations=2 (full 0):
 PSYoungGen      total 29696K, used 29689K [0x00000000eab00000, 0x00000000ecc00000, 0x0000000100000000)
  eden space 25600K, 100% used [0x00000000eab00000,0x00000000ec400000,0x00000000ec400000)
  from space 4096K, 99% used [0x00000000ec400000,0x00000000ec7fe650,0x00000000ec800000)
  to   space 4096K, 0% used [0x00000000ec800000,0x00000000ec800000,0x00000000ecc00000)
 ParOldGen       total 68608K, used 368K [0x00000000c0000000, 0x00000000c4300000, 0x00000000eab00000)
  object space 68608K, 0% used [0x00000000c0000000,0x00000000c005c010,0x00000000c4300000)
 Metaspace       used 17286K, capacity 18243K, committed 18432K, reserved 1064960K
  class space    used 1603K, capacity 1932K, committed 2048K, reserved 1048576K
}
Event: 3.425 GC heap after
{Heap after GC invocations=2 (full 0):
 PSYoungGen      total 29696K, used 4076K [0x00000000eab00000, 0x00000000ecc00000, 0x0000000100000000)
  eden space 25600K, 0% used [0x00000000eab00000,0x00000000eab00000,0x00000000ec400000)
  from space 4096K, 99% used [0x00000000ec800000,0x00000000ecbfb0a8,0x00000000ecc00000)
  to   space 4096K, 0% used [0x00000000ec400000,0x00000000ec400000,0x00000000ec800000)
 ParOldGen       total 68608K, used 3044K [0x00000000c0000000, 0x00000000c4300000, 0x00000000eab00000)
  object space 68608K, 4% used [0x00000000c0000000,0x00000000c02f9278,0x00000000c4300000)
 Metaspace       used 17286K, capacity 18243K, committed 18432K, reserved 1064960K
  class space    used 1603K, capacity 1932K, committed 2048K, reserved 1048576K
}
Event: 3.879 GC heap before
{Heap before GC invocations=3 (full 0):
 PSYoungGen      total 29696K, used 15495K [0x00000000eab00000, 0x00000000ecc00000, 0x0000000100000000)
  eden space 25600K, 44% used [0x00000000eab00000,0x00000000eb626ee0,0x00000000ec400000)
  from space 4096K, 99% used [0x00000000ec800000,0x00000000ecbfb0a8,0x00000000ecc00000)
  to   space 4096K, 0% used [0x00000000ec400000,0x00000000ec400000,0x00000000ec800000)
 ParOldGen       total 68608K, used 3044K [0x00000000c0000000, 0x00000000c4300000, 0x00000000eab00000)
  object space 68608K, 4% used [0x00000000c0000000,0x00000000c02f9278,0x00000000c4300000)
 Metaspace       used 20154K, capacity 21207K, committed 21248K, reserved 1069056K
  class space    used 1900K, capacity 2284K, committed 2304K, reserved 1048576K
}
Event: 3.887 GC heap after
{Heap after GC invocations=3 (full 0):
 PSYoungGen      total 29696K, used 4090K [0x00000000eab00000, 0x00000000ecc00000, 0x0000000100000000)
  eden space 25600K, 0% used [0x00000000eab00000,0x00000000eab00000,0x00000000ec400000)
  from space 4096K, 99% used [0x00000000ec400000,0x00000000ec7fe9f0,0x00000000ec800000)
  to   space 4096K, 0% used [0x00000000ec800000,0x00000000ec800000,0x00000000ecc00000)
 ParOldGen       total 68608K, used 4586K [0x00000000c0000000, 0x00000000c4300000, 0x00000000eab00000)
  object space 68608K, 6% used [0x00000000c0000000,0x00000000c047a8a8,0x00000000c4300000)
 Metaspace       used 20154K, capacity 21207K, committed 21248K, reserved 1069056K
  class space    used 1900K, capacity 2284K, committed 2304K, reserved 1048576K
}
Event: 3.887 GC heap before
{Heap before GC invocations=4 (full 1):
 PSYoungGen      total 29696K, used 4090K [0x00000000eab00000, 0x00000000ecc00000, 0x0000000100000000)
  eden space 25600K, 0% used [0x00000000eab00000,0x00000000eab00000,0x00000000ec400000)
  from space 4096K, 99% used [0x00000000ec400000,0x00000000ec7fe9f0,0x00000000ec800000)
  to   space 4096K, 0% used [0x00000000ec800000,0x00000000ec800000,0x00000000ecc00000)
 ParOldGen       total 68608K, used 4586K [0x00000000c0000000, 0x00000000c4300000, 0x00000000eab00000)
  object space 68608K, 6% used [0x00000000c0000000,0x00000000c047a8a8,0x00000000c4300000)
 Metaspace       used 20154K, capacity 21207K, committed 21248K, reserved 1069056K
  class space    used 1900K, capacity 2284K, committed 2304K, reserved 1048576K
}
Event: 3.923 GC heap after
{Heap after GC invocations=4 (full 1):
 PSYoungGen      total 29696K, used 0K [0x00000000eab00000, 0x00000000ecc00000, 0x0000000100000000)
  eden space 25600K, 0% used [0x00000000eab00000,0x00000000eab00000,0x00000000ec400000)
  from space 4096K, 0% used [0x00000000ec400000,0x00000000ec400000,0x00000000ec800000)
  to   space 4096K, 0% used [0x00000000ec800000,0x00000000ec800000,0x00000000ecc00000)
 ParOldGen       total 68608K, used 8484K [0x00000000c0000000, 0x00000000c4300000, 0x00000000eab00000)
  object space 68608K, 12% used [0x00000000c0000000,0x00000000c0849208,0x00000000c4300000)
 Metaspace       used 20154K, capacity 21207K, committed 21248K, reserved 1069056K
  class space    used 1900K, capacity 2284K, committed 2304K, reserved 1048576K
}
Event: 5.571 GC heap before
{Heap before GC invocations=5 (full 1):
 PSYoungGen      total 29696K, used 25600K [0x00000000eab00000, 0x00000000ecc00000, 0x0000000100000000)
  eden space 25600K, 100% used [0x00000000eab00000,0x00000000ec400000,0x00000000ec400000)
  from space 4096K, 0% used [0x00000000ec400000,0x00000000ec400000,0x00000000ec800000)
  to   space 4096K, 0% used [0x00000000ec800000,0x00000000ec800000,0x00000000ecc00000)
 ParOldGen       total 68608K, used 8484K [0x00000000c0000000, 0x00000000c4300000, 0x00000000eab00000)
  object space 68608K, 12% used [0x00000000c0000000,0x00000000c0849208,0x00000000c4300000)
 Metaspace       used 24412K, capacity 25764K, committed 26112K, reserved 1073152K
  class space    used 2507K, capacity 2977K, committed 3072K, reserved 1048576K
}
Event: 5.573 GC heap after
{Heap after GC invocations=5 (full 1):
 PSYoungGen      total 29696K, used 1810K [0x00000000eab00000, 0x00000000ecc00000, 0x0000000100000000)
  eden space 25600K, 0% used [0x00000000eab00000,0x00000000eab00000,0x00000000ec400000)
  from space 4096K, 44% used [0x00000000ec800000,0x00000000ec9c4a78,0x00000000ecc00000)
  to   space 4096K, 0% used [0x00000000ec400000,0x00000000ec400000,0x00000000ec800000)
 ParOldGen       total 68608K, used 8492K [0x00000000c0000000, 0x00000000c4300000, 0x00000000eab00000)
  object space 68608K, 12% used [0x00000000c0000000,0x00000000c084b208,0x00000000c4300000)
 Metaspace       used 24412K, capacity 25764K, committed 26112K, reserved 1073152K
  class space    used 2507K, capacity 2977K, committed 3072K, reserved 1048576K
}
Event: 7.056 GC heap before
{Heap before GC invocations=6 (full 1):
 PSYoungGen      total 29696K, used 27410K [0x00000000eab00000, 0x00000000ecc00000, 0x0000000100000000)
  eden space 25600K, 100% used [0x00000000eab00000,0x00000000ec400000,0x00000000ec400000)
  from space 4096K, 44% used [0x00000000ec800000,0x00000000ec9c4a78,0x00000000ecc00000)
  to   space 4096K, 0% used [0x00000000ec400000,0x00000000ec400000,0x00000000ec800000)
 ParOldGen       total 68608K, used 8492K [0x00000000c0000000, 0x00000000c4300000, 0x00000000eab00000)
  object space 68608K, 12% used [0x00000000c0000000,0x00000000c084b208,0x00000000c4300000)
 Metaspace       used 28104K, capacity 29696K, committed 29952K, reserved 1075200K
  class space    used 3005K, capacity 3582K, committed 3584K, reserved 1048576K
}
Event: 7.059 GC heap after
{Heap after GC invocations=6 (full 1):
 PSYoungGen      total 28672K, used 3524K [0x00000000eab00000, 0x00000000ecb80000, 0x0000000100000000)
  eden space 25088K, 0% used [0x00000000eab00000,0x00000000eab00000,0x00000000ec380000)
  from space 3584K, 98% used [0x00000000ec400000,0x00000000ec771348,0x00000000ec780000)
  to   space 4096K, 0% used [0x00000000ec780000,0x00000000ec780000,0x00000000ecb80000)
 ParOldGen       total 68608K, used 8500K [0x00000000c0000000, 0x00000000c4300000, 0x00000000eab00000)
  object space 68608K, 12% used [0x00000000c0000000,0x00000000c084d208,0x00000000c4300000)
 Metaspace       used 28104K, capacity 29696K, committed 29952K, reserved 1075200K
  class space    used 3005K, capacity 3582K, committed 3584K, reserved 1048576K
}

Deoptimization events (20 events):
Event: 7.172 Thread 0x0000022755fa1800 Uncommon trap: trap_request=0xffffffd6 fr.pc=0x000002274a88ad78 relative=0x0000000000000c38
Event: 7.172 Thread 0x0000022755fa1800 Uncommon trap: reason=array_check action=maybe_recompile pc=0x000002274a88ad78 method=java.util.TimSort.binarySort([Ljava/lang/Object;IIILjava/util/Comparator;)V @ 193 c2
Event: 7.172 Thread 0x0000022755fa1800 DEOPT PACKING pc=0x000002274a88ad78 sp=0x000000934cafbd20
Event: 7.172 Thread 0x0000022755fa1800 DEOPT UNPACKING pc=0x0000022742cc912f sp=0x000000934cafbcc8 mode 2
Event: 7.172 Thread 0x0000022755fa1800 Uncommon trap: trap_request=0xffffffd6 fr.pc=0x000002274a88ad78 relative=0x0000000000000c38
Event: 7.172 Thread 0x0000022755fa1800 Uncommon trap: reason=array_check action=maybe_recompile pc=0x000002274a88ad78 method=java.util.TimSort.binarySort([Ljava/lang/Object;IIILjava/util/Comparator;)V @ 193 c2
Event: 7.172 Thread 0x0000022755fa1800 DEOPT PACKING pc=0x000002274a88ad78 sp=0x000000934cafbd20
Event: 7.172 Thread 0x0000022755fa1800 DEOPT UNPACKING pc=0x0000022742cc912f sp=0x000000934cafbcc8 mode 2
Event: 7.213 Thread 0x0000022755fa1800 Uncommon trap: trap_request=0xffffffbe fr.pc=0x000002274a88cbd0 relative=0x0000000000000c70
Event: 7.213 Thread 0x0000022755fa1800 Uncommon trap: reason=profile_predicate action=maybe_recompile pc=0x000002274a88cbd0 method=java.util.TimSort.binarySort([Ljava/lang/Object;IIILjava/util/Comparator;)V @ 73 c2
Event: 7.213 Thread 0x0000022755fa1800 DEOPT PACKING pc=0x000002274a88cbd0 sp=0x000000934cafbd20
Event: 7.213 Thread 0x0000022755fa1800 DEOPT UNPACKING pc=0x0000022742cc912f sp=0x000000934cafbcd0 mode 2
Event: 7.213 Thread 0x0000022755fa1800 Uncommon trap: trap_request=0xffffffbe fr.pc=0x000002274a88cbd0 relative=0x0000000000000c70
Event: 7.213 Thread 0x0000022755fa1800 Uncommon trap: reason=profile_predicate action=maybe_recompile pc=0x000002274a88cbd0 method=java.util.TimSort.binarySort([Ljava/lang/Object;IIILjava/util/Comparator;)V @ 73 c2
Event: 7.213 Thread 0x0000022755fa1800 DEOPT PACKING pc=0x000002274a88cbd0 sp=0x000000934cafbd10
Event: 7.213 Thread 0x0000022755fa1800 DEOPT UNPACKING pc=0x0000022742cc912f sp=0x000000934cafbcc0 mode 2
Event: 7.370 Thread 0x0000022755fa1800 Uncommon trap: trap_request=0xffffffc6 fr.pc=0x000002274a7e701c relative=0x00000000000002bc
Event: 7.370 Thread 0x0000022755fa1800 Uncommon trap: reason=bimorphic_or_optimized_type_check action=maybe_recompile pc=0x000002274a7e701c method=java.util.Collections$UnmodifiableCollection$1.<init>(Ljava/util/Collections$UnmodifiableCollection;)V @ 17 c2
Event: 7.370 Thread 0x0000022755fa1800 DEOPT PACKING pc=0x000002274a7e701c sp=0x000000934cafc540
Event: 7.370 Thread 0x0000022755fa1800 DEOPT UNPACKING pc=0x0000022742cc912f sp=0x000000934cafc478 mode 2

Classes unloaded (0 events):
No events

Classes redefined (0 events):
No events

Internal exceptions (20 events):
Event: 1.635 Thread 0x000002273a4e0000 Exception <a 'java/lang/NoSuchMethodError'{0x00000000ebfe1910}: 'java.lang.Object java.lang.invoke.DirectMethodHandle$Holder.invokeStatic(java.lang.Object, int, java.lang.Object)'> (0x00000000ebfe1910) 
thrown [./open/src/hotspot/share/interpreter/linkResolver.cpp, line 766]
Event: 1.640 Thread 0x000002273a4e0000 Exception <a 'java/lang/NoSuchMethodError'{0x00000000ebffbd38}: 'java.lang.Object java.lang.invoke.Invokers$Holder.linkToTargetMethod(java.lang.Object, java.lang.Object, java.lang.Object, int, java.lang.Object, java.lang.Object)'> (0x00000000ebffbd38) 
thrown [./open/src/hotspot/share/interpreter/linkResolver.cpp, line 766]
Event: 2.032 Thread 0x000002273a4e0000 Exception <a 'java/lang/UnsatisfiedLinkError'{0x00000000ec345770}: 'void org.eclipse.equinox.launcher.JNIBridge._update_splash()'> (0x00000000ec345770) 
thrown [./open/src/hotspot/share/prims/nativeLookup.cpp, line 408]
Event: 2.060 Thread 0x0000022755fa0000 Implicit null exception at 0x000002274a776838 to 0x000002274a77693c
Event: 2.333 Thread 0x0000022755fa1800 Exception <a 'java/io/FileNotFoundException'{0x00000000eaf46008}> (0x00000000eaf46008) 
thrown [./open/src/hotspot/share/prims/jni.cpp, line 599]
Event: 2.866 Thread 0x0000022755fa1800 Exception <a 'java/lang/NoSuchMethodError'{0x00000000eb5eb9e0}: 'void java.lang.invoke.DirectMethodHandle$Holder.invokeSpecial(java.lang.Object, java.lang.Object, java.lang.Object, java.lang.Object)'> (0x00000000eb5eb9e0) 
thrown [./open/src/hotspot/share/interpreter/linkResolver.cpp, line 766]
Event: 2.880 Thread 0x0000022755fa1800 Exception <a 'java/io/FileNotFoundException'{0x00000000eb5fe3d0}> (0x00000000eb5fe3d0) 
thrown [./open/src/hotspot/share/prims/jni.cpp, line 599]
Event: 2.886 Thread 0x0000022755fa1800 Exception <a 'java/io/FileNotFoundException'{0x00000000eb60ff90}> (0x00000000eb60ff90) 
thrown [./open/src/hotspot/share/prims/jni.cpp, line 599]
Event: 3.103 Thread 0x0000022755fa1800 Exception <a 'java/io/FileNotFoundException'{0x00000000eba82450}> (0x00000000eba82450) 
thrown [./open/src/hotspot/share/prims/jni.cpp, line 599]
Event: 3.103 Thread 0x0000022755fa1800 Exception <a 'java/io/FileNotFoundException'{0x00000000eba83568}> (0x00000000eba83568) 
thrown [./open/src/hotspot/share/prims/jni.cpp, line 599]
Event: 3.104 Thread 0x0000022755fa1800 Exception <a 'java/io/FileNotFoundException'{0x00000000eba84690}> (0x00000000eba84690) 
thrown [./open/src/hotspot/share/prims/jni.cpp, line 599]
Event: 3.242 Thread 0x0000022755fa1800 Exception <a 'java/lang/NoSuchMethodError'{0x00000000ebe0ba50}: 'int java.lang.invoke.DirectMethodHandle$Holder.invokeStaticInit(java.lang.Object, java.lang.Object, java.lang.Object)'> (0x00000000ebe0ba50) 
thrown [./open/src/hotspot/share/interpreter/linkResolver.cpp, line 766]
Event: 3.383 Thread 0x0000022755fa1800 Exception <a 'java/io/FileNotFoundException'{0x00000000ec14a468}> (0x00000000ec14a468) 
thrown [./open/src/hotspot/share/prims/jni.cpp, line 599]
Event: 3.434 Thread 0x0000022755fa1800 Exception <a 'java/io/FileNotFoundException'{0x00000000eb1347f8}> (0x00000000eb1347f8) 
thrown [./open/src/hotspot/share/prims/jni.cpp, line 599]
Event: 3.500 Thread 0x0000022755fa1800 Exception <a 'java/io/FileNotFoundException'{0x00000000eb32f108}> (0x00000000eb32f108) 
thrown [./open/src/hotspot/share/prims/jni.cpp, line 599]
Event: 3.728 Thread 0x0000022755fa1800 Exception <a 'java/lang/ClassNotFoundException'{0x00000000eb455460}: com/sun/org/apache/xml/internal/serializer/spi/XMLEntitiesProvider> (0x00000000eb455460) 
thrown [./open/src/hotspot/share/classfile/systemDictionary.cpp, line 226]
Event: 3.965 Thread 0x0000022755fa1800 Exception <a 'java/io/FileNotFoundException'{0x00000000eabfede8}> (0x00000000eabfede8) 
thrown [./open/src/hotspot/share/prims/jni.cpp, line 599]
Event: 4.271 Thread 0x0000022755fa1800 Exception <a 'java/lang/NoClassDefFoundError'{0x00000000eae1e548}: org/slf4j/impl/StaticLoggerBinder> (0x00000000eae1e548) 
thrown [./open/src/hotspot/share/classfile/systemDictionary.cpp, line 215]
Event: 7.614 Thread 0x0000022755fa1800 Exception <a 'java/lang/NoClassDefFoundError'{0x00000000ec086198}: com/google/inject/servlet/ServletModuleTargetVisitor> (0x00000000ec086198) 
thrown [./open/src/hotspot/share/classfile/systemDictionary.cpp, line 215]
Event: 7.614 Thread 0x0000022755fa1800 Exception <a 'java/lang/NoClassDefFoundError'{0x00000000ec08ab30}: javax/annotation/Priority> (0x00000000ec08ab30) 
thrown [./open/src/hotspot/share/classfile/systemDictionary.cpp, line 215]

Events (20 events):
Event: 7.143 loading class java/util/zip/DeflaterOutputStream
Event: 7.143 loading class java/util/zip/DeflaterOutputStream done
Event: 7.143 loading class java/util/zip/ZipOutputStream done
Event: 7.252 Executing VM operation: HandshakeOneThread
Event: 7.262 Executing VM operation: HandshakeOneThread done
Event: 7.262 Executing VM operation: HandshakeOneThread
Event: 7.262 Executing VM operation: HandshakeOneThread done
Event: 7.275 Executing VM operation: HandshakeOneThread
Event: 7.275 Executing VM operation: HandshakeOneThread done
Event: 7.275 Executing VM operation: BulkRevokeBias
Event: 7.276 Executing VM operation: BulkRevokeBias done
Event: 7.584 Executing VM operation: HandshakeOneThread
Event: 7.584 Executing VM operation: HandshakeOneThread done
Event: 7.584 Thread 0x000002275613e000 Thread exited: 0x000002275613e000
Event: 7.606 loading class javax/xml/transform/TransformerFactoryConfigurationError
Event: 7.606 loading class javax/xml/transform/TransformerFactoryConfigurationError done
Event: 7.614 Executing VM operation: ICBufferFull
Event: 7.614 Executing VM operation: ICBufferFull done
Event: 7.617 Executing VM operation: HandshakeAllThreads
Event: 7.618 Executing VM operation: HandshakeAllThreads done


Dynamic libraries:
0x00007ff76e3d0000 - 0x00007ff76e3df000 	C:\Program Files\Java\jdk-14.0.2\bin\java.exe
0x00007ffb4f950000 - 0x00007ffb4fb31000 	C:\WINDOWS\SYSTEM32\ntdll.dll
0x00007ffb4d1b0000 - 0x00007ffb4d261000 	C:\WINDOWS\System32\KERNEL32.DLL
0x00007ffb4bfe0000 - 0x00007ffb4c253000 	C:\WINDOWS\System32\KERNELBASE.dll
0x00007ffb4bee0000 - 0x00007ffb4bfd8000 	C:\WINDOWS\System32\ucrtbase.dll
0x00007ffb46930000 - 0x00007ffb46948000 	C:\Program Files\Java\jdk-14.0.2\bin\jli.dll
0x00007ffb4dde0000 - 0x00007ffb4de81000 	C:\WINDOWS\System32\ADVAPI32.dll
0x00007ffb4e3d0000 - 0x00007ffb4e46e000 	C:\WINDOWS\System32\msvcrt.dll
0x00007ffb4df30000 - 0x00007ffb4df8b000 	C:\WINDOWS\System32\sechost.dll
0x00007ffb4dcb0000 - 0x00007ffb4ddd4000 	C:\WINDOWS\System32\RPCRT4.dll
0x00007ffb4e1c0000 - 0x00007ffb4e350000 	C:\WINDOWS\System32\USER32.dll
0x00007ffb4bec0000 - 0x00007ffb4bee0000 	C:\WINDOWS\System32\win32u.dll
0x00007ffb4e470000 - 0x00007ffb4e498000 	C:\WINDOWS\System32\GDI32.dll
0x00007ffb4bd20000 - 0x00007ffb4beb1000 	C:\WINDOWS\System32\gdi32full.dll
0x00007ffb4cd40000 - 0x00007ffb4cddf000 	C:\WINDOWS\System32\msvcp_win.dll
0x00007ffb40380000 - 0x00007ffb40395000 	C:\Program Files\Java\jdk-14.0.2\bin\VCRUNTIME140.dll
0x00007ffb38180000 - 0x00007ffb383e9000 	C:\WINDOWS\WinSxS\amd64_microsoft.windows.common-controls_6595b64144ccf1df_6.0.17134.950_none_fb3da4273069d3e0\COMCTL32.dll
0x00007ffb3e040000 - 0x00007ffb3e04a000 	C:\WINDOWS\SYSTEM32\VERSION.dll
0x00007ffb4d830000 - 0x00007ffb4db52000 	C:\WINDOWS\System32\combase.dll
0x00007ffb4ccc0000 - 0x00007ffb4cd39000 	C:\WINDOWS\System32\bcryptPrimitives.dll
0x00007ffb4e4b0000 - 0x00007ffb4e4dd000 	C:\WINDOWS\System32\IMM32.DLL
0x00007ffb20300000 - 0x00007ffb2039b000 	C:\Program Files\Java\jdk-14.0.2\bin\msvcp140.dll
0x00007ffaf2420000 - 0x00007ffaf2f3e000 	C:\Program Files\Java\jdk-14.0.2\bin\server\jvm.dll
0x00007ffb4deb0000 - 0x00007ffb4deb8000 	C:\WINDOWS\System32\PSAPI.DLL
0x00007ffb2ca30000 - 0x00007ffb2ca39000 	C:\WINDOWS\SYSTEM32\WSOCK32.dll
0x00007ffb4dec0000 - 0x00007ffb4df2c000 	C:\WINDOWS\System32\WS2_32.dll
0x00007ffb49a80000 - 0x00007ffb49aa3000 	C:\WINDOWS\SYSTEM32\WINMM.dll
0x00007ffb49a50000 - 0x00007ffb49a7a000 	C:\WINDOWS\SYSTEM32\WINMMBASE.dll
0x00007ffb4c9d0000 - 0x00007ffb4ca19000 	C:\WINDOWS\System32\cfgmgr32.dll
0x00007ffb4bd00000 - 0x00007ffb4bd11000 	C:\WINDOWS\System32\kernel.appcore.dll
0x00007ffb47730000 - 0x00007ffb4773a000 	C:\Program Files\Java\jdk-14.0.2\bin\jimage.dll
0x00007ffb49d30000 - 0x00007ffb49ef9000 	C:\WINDOWS\SYSTEM32\DBGHELP.DLL
0x00007ffb2a700000 - 0x00007ffb2a729000 	C:\WINDOWS\SYSTEM32\dbgcore.DLL
0x00007ffb37440000 - 0x00007ffb37465000 	C:\Program Files\Java\jdk-14.0.2\bin\java.dll
0x00007ffb375b0000 - 0x00007ffb375c6000 	C:\Program Files\Java\jdk-14.0.2\bin\zip.dll
0x00007ffb4e4e0000 - 0x00007ffb4f920000 	C:\WINDOWS\System32\SHELL32.dll
0x00007ffb4e110000 - 0x00007ffb4e1b9000 	C:\WINDOWS\System32\shcore.dll
0x00007ffb4c260000 - 0x00007ffb4c96d000 	C:\WINDOWS\System32\windows.storage.dll
0x00007ffb4ce80000 - 0x00007ffb4ced1000 	C:\WINDOWS\System32\shlwapi.dll
0x00007ffb4bce0000 - 0x00007ffb4bcff000 	C:\WINDOWS\System32\profapi.dll
0x00007ffb4bc60000 - 0x00007ffb4bcac000 	C:\WINDOWS\System32\powrprof.dll
0x00007ffb4bcb0000 - 0x00007ffb4bcba000 	C:\WINDOWS\System32\FLTLIB.DLL
0x00007ffb26e00000 - 0x00007ffb26e19000 	C:\Program Files\Java\jdk-14.0.2\bin\net.dll
0x00007ffb41e60000 - 0x00007ffb41f3d000 	C:\WINDOWS\SYSTEM32\WINHTTP.dll
0x00007ffb4b480000 - 0x00007ffb4b4e6000 	C:\WINDOWS\system32\mswsock.dll
0x00007ffb26de0000 - 0x00007ffb26df2000 	C:\Program Files\Java\jdk-14.0.2\bin\nio.dll
0x00007ffb4b630000 - 0x00007ffb4b647000 	C:\WINDOWS\SYSTEM32\CRYPTSP.dll
0x00007ffb4b030000 - 0x00007ffb4b063000 	C:\WINDOWS\system32\rsaenh.dll
0x00007ffb4b760000 - 0x00007ffb4b785000 	C:\WINDOWS\SYSTEM32\bcrypt.dll
0x00007ffb4bb60000 - 0x00007ffb4bb88000 	C:\WINDOWS\SYSTEM32\USERENV.dll
0x00007ffb4b650000 - 0x00007ffb4b65b000 	C:\WINDOWS\SYSTEM32\CRYPTBASE.dll
0x00007ffb4b1d0000 - 0x00007ffb4b208000 	C:\WINDOWS\SYSTEM32\IPHLPAPI.DLL
0x00007ffb4d820000 - 0x00007ffb4d828000 	C:\WINDOWS\System32\NSI.dll
0x00007ffb40010000 - 0x00007ffb40026000 	C:\WINDOWS\SYSTEM32\dhcpcsvc6.DLL
0x00007ffb41d70000 - 0x00007ffb41d8a000 	C:\WINDOWS\SYSTEM32\dhcpcsvc.DLL
0x00007ffb259a0000 - 0x00007ffb259ca000 	C:\Users\Aurel\AppData\Roaming\Code\User\globalStorage\redhat.java\0.66.0\config_win\org.eclipse.equinox.launcher\org.eclipse.equinox.launcher.win32.win32.x86_64_1.1.1300.v20200819-0940\eclipse_11100.dll
0x00007ffb468d0000 - 0x00007ffb468e0000 	C:\Program Files\Java\jdk-14.0.2\bin\verify.dll

dbghelp: loaded successfully - version: 4.0.5 - missing functions: none
symbol engine: initialized successfully - sym options: 0x614 - pdb path: .;C:\Program Files\Java\jdk-14.0.2\bin;C:\WINDOWS\SYSTEM32;C:\WINDOWS\WinSxS\amd64_microsoft.windows.common-controls_6595b64144ccf1df_6.0.17134.950_none_fb3da4273069d3e0;C:\Program Files\Java\jdk-14.0.2\bin\server;C:\Users\Aurel\AppData\Roaming\Code\User\globalStorage\redhat.java\0.66.0\config_win\org.eclipse.equinox.launcher\org.eclipse.equinox.launcher.win32.win32.x86_64_1.1.1300.v20200819-0940

VM Arguments:
jvm_args: --add-modules=ALL-SYSTEM --add-opens=java.base/java.util=ALL-UNNAMED --add-opens=java.base/java.lang=ALL-UNNAMED -Declipse.application=org.eclipse.jdt.ls.core.id1 -Dosgi.bundles.defaultStartLevel=4 -Declipse.product=org.eclipse.jdt.ls.core.product -Dfile.encoding=utf8 -DwatchParentProcess=false -XX:+UseParallelGC -XX:GCTimeRatio=4 -XX:AdaptiveSizePolicyWeight=90 -Dsun.zip.disableMemoryMapping=true -Xmx1G -Xms100m 
java_command: c:\Users\Aurel\.vscode\extensions\redhat.java-0.66.0\server\plugins\org.eclipse.equinox.launcher_1.5.800.v20200727-1323.jar -configuration c:\Users\Aurel\AppData\Roaming\Code\User\globalStorage\redhat.java\0.66.0\config_win -data c:\Users\Aurel\AppData\Roaming\Code\User\workspaceStorage\cd36652f1d942c2d52fc102882996ab9\redhat.java\jdt_ws
java_class_path (initial): c:\Users\Aurel\.vscode\extensions\redhat.java-0.66.0\server\plugins\org.eclipse.equinox.launcher_1.5.800.v20200727-1323.jar
Launcher Type: SUN_STANDARD

[Global flags]
    uintx AdaptiveSizePolicyWeight                 = 90                                        {product} {command line}
     intx CICompilerCount                          = 3                                         {product} {ergonomic}
    uintx GCTimeRatio                              = 4                                         {product} {command line}
   size_t InitialHeapSize                          = 104857600                                 {product} {command line}
   size_t MaxHeapSize                              = 1073741824                                {product} {command line}
   size_t MaxNewSize                               = 357564416                                 {product} {ergonomic}
   size_t MinHeapDeltaBytes                        = 524288                                    {product} {ergonomic}
   size_t MinHeapSize                              = 104857600                                 {product} {command line}
   size_t NewSize                                  = 34603008                                  {product} {ergonomic}
    uintx NonNMethodCodeHeapSize                   = 5832780                                {pd product} {ergonomic}
    uintx NonProfiledCodeHeapSize                  = 122912730                              {pd product} {ergonomic}
   size_t OldSize                                  = 70254592                                  {product} {ergonomic}
    uintx ProfiledCodeHeapSize                     = 122912730                              {pd product} {ergonomic}
    uintx ReservedCodeCacheSize                    = 251658240                              {pd product} {ergonomic}
     bool SegmentedCodeCache                       = true                                      {product} {ergonomic}
   size_t SoftMaxHeapSize                          = 1073741824                             {manageable} {ergonomic}
     bool UseCompressedClassPointers               = true                                 {lp64_product} {ergonomic}
     bool UseCompressedOops                        = true                                 {lp64_product} {ergonomic}
     bool UseLargePagesIndividualAllocation        = false                                  {pd product} {ergonomic}
     bool UseParallelGC                            = true                                      {product} {command line}

Logging:
Log output configuration:
 #0: stdout all=warning uptime,level,tags
 #1: stderr all=off uptime,level,tags

Environment Variables:
PATH=C:\Program Files (x86)\Common Files\Oracle\Java\javapath;C:\Program Files (x86)\Intel\iCLS Client\;C:\oraclexe\app\oracle\product\11.2.0\server\bin;C:\Program Files\ImageMagick;C:\Program Files (x86)\ImageMagick-7.0.4-Q16;C:\ProgramData\Oracle\Java\javapath;C:\Program Files\Intel\iCLS Client\;C:\WINDOWS\system32;C:\WINDOWS;C:\WINDOWS\System32\Wbem;C:\WINDOWS\System32\WindowsPowerShell\v1.0\;C:\Program Files (x86)\Intel\Intel(R) Management Engine Components\DAL;C:\Program Files\Intel\Intel(R) Management Engine Components\DAL;C:\Program Files (x86)\Intel\Intel(R) Management Engine Components\IPT;C:\Program Files\Intel\Intel(R) Management Engine Components\IPT;C:\ProgramData\ComposerSetup\bin;C:\WINDOWS\System32\OpenSSH\;C:\Program Files\Git\cmd;C:\Users\Aurel\AppData\Local\Programs\Python\Python37-32\Scripts;C:\Users\Aurel\AppData\Local\Programs\Python\Python37-32;C:\Program Files\Intel\WiFi\bin\;C:\Program Files\Common Files\Intel\WirelessCommon\;C:\Program Files\MiKTeX 2.9\miktex\bin\x64\;C:\wamp64\bin\php\php7.2.25;C:\Program Files\nodejs\;C:\Users\Aurel\AppData\Local\Programs\Python\Python37-32\Scripts\;C:\Users\Aurel\AppData\Local\Programs\Python\Python37-32\;C:\Users\Aurel\AppData\Local\Programs\Microsoft VS Code\bin;C:\Program Files\heroku\bin;C:\Users\Aurel\AppData\Roaming\Composer\vendor\bin;C:\Users\Aurel\AppData\Roaming\npm
USERNAME=Aurel
OS=Windows_NT
PROCESSOR_IDENTIFIER=Intel64 Family 6 Model 78 Stepping 3, GenuineIntel



---------------  S Y S T E M  ---------------

OS: Windows 10 , 64 bit Build 17134 (10.0.17134.753)
OS uptime: 8 days 5:35 hours

CPU:total 4 (initial active 4) (2 cores per cpu, 2 threads per core) family 6 model 78 stepping 3, cmov, cx8, fxsr, mmx, sse, sse2, sse3, ssse3, sse4.1, sse4.2, popcnt, avx, avx2, aes, clmul, erms, 3dnowpref, lzcnt, ht, tsc, tscinvbit, bmi1, bmi2, adx, fma

Memory: 4k page, system-wide physical 8103M (547M free)
TotalPageFile size 13631M (AvailPageFile size 11M)
current process WorkingSet (physical memory assigned to process): 149M, peak: 150M
current process commit charge ("private bytes"): 252M, peak: 253M

vm_info: Java HotSpot(TM) 64-Bit Server VM (14.0.2+12-46) for windows-amd64 JRE (14.0.2+12-46), built on Jul  9 2020 00:35:52 by "mach5one" with MS VC++ 15.9 (VS2017)

END.
