#
# There is insufficient memory for the Java Runtime Environment to continue.
# Native memory allocation (malloc) failed to allocate 1804816 bytes for Chunk::new
# Possible reasons:
#   The system is out of physical RAM or swap space
#   The process is running with CompressedOops enabled, and the Java Heap may be blocking the growth of the native heap
# Possible solutions:
#   Reduce memory load on the system
#   Increase physical memory or swap space
#   Check if swap backing store is full
#   Decrease Java heap size (-Xmx/-Xms)
#   Decrease number of Java threads
#   Decrease Java thread stack sizes (-Xss)
#   Set larger code cache with -XX:ReservedCodeCacheSize=
#   JVM is running with Unscaled Compressed Oops mode in which the Java heap is
#     placed in the first 4GB address space. The Java Heap base address is the
#     maximum limit for the native heap growth. Please use -XX:HeapBaseMinAddress
#     to set the Java Heap base and to place the Java Heap above 4GB virtual address.
# This output file may be truncated or incomplete.
#
#  Out of Memory Error (./open/src/hotspot/share/memory/arena.cpp:195), pid=18840, tid=18268
#
# JRE version: Java(TM) SE Runtime Environment (14.0.2+12) (build 14.0.2+12-46)
# Java VM: Java HotSpot(TM) 64-Bit Server VM (14.0.2+12-46, mixed mode, sharing, tiered, compressed oops, parallel gc, windows-amd64)
# No core dump will be written. Minidumps are not enabled by default on client versions of Windows
#

---------------  S U M M A R Y ------------

Command Line: --add-modules=ALL-SYSTEM --add-opens=java.base/java.util=ALL-UNNAMED --add-opens=java.base/java.lang=ALL-UNNAMED -Declipse.application=org.eclipse.jdt.ls.core.id1 -Dosgi.bundles.defaultStartLevel=4 -Declipse.product=org.eclipse.jdt.ls.core.product -Dfile.encoding=utf8 -DwatchParentProcess=false -XX:+UseParallelGC -XX:GCTimeRatio=4 -XX:AdaptiveSizePolicyWeight=90 -Dsun.zip.disableMemoryMapping=true -Xmx1G -Xms100m c:\Users\Aurel\.vscode\extensions\redhat.java-0.66.0\server\plugins\org.eclipse.equinox.launcher_1.5.800.v20200727-1323.jar -configuration c:\Users\Aurel\AppData\Roaming\Code\User\globalStorage\redhat.java\0.66.0\config_win -data c:\Users\Aurel\AppData\Roaming\Code\User\workspaceStorage\cd36652f1d942c2d52fc102882996ab9\redhat.java\jdt_ws

Host: Intel(R) Core(TM) i5-6200U CPU @ 2.30GHz, 4 cores, 7G,  Windows 10 , 64 bit Build 17134 (10.0.17134.753)
Time: Fri Sep 18 16:15:00 2020 Paris, Madrid (heure d?été) elapsed time: 4 seconds (0d 0h 0m 4s)

---------------  T H R E A D  ---------------

Current thread (0x0000014121459800):  JavaThread "C2 CompilerThread1" daemon [_thread_in_native, id=18268, stack(0x000000368fc00000,0x000000368fd00000)]


Current CompileTask:
C2:   4552 2888   !   4       org.eclipse.osgi.internal.loader.classpath.ClasspathManager::findLocalClass (210 bytes)

Stack: [0x000000368fc00000,0x000000368fd00000]
Native frames: (J=compiled Java code, j=interpreted, Vv=VM code, C=native code)
V  [jvm.dll+0x5f8a9a]
V  [jvm.dll+0x74247a]
V  [jvm.dll+0x743c2f]
V  [jvm.dll+0x744273]
V  [jvm.dll+0x20d288]
V  [jvm.dll+0xabb07]
V  [jvm.dll+0xac1fc]
V  [jvm.dll+0x31c438]
V  [jvm.dll+0x18cabb]
V  [jvm.dll+0x1e5efa]
V  [jvm.dll+0x1e50b8]
V  [jvm.dll+0x1779cc]
V  [jvm.dll+0x1f4105]
V  [jvm.dll+0x1f22eb]
V  [jvm.dll+0x7070cd]
V  [jvm.dll+0x6ffeda]
V  [jvm.dll+0x5f78f6]
C  [ucrtbase.dll+0x1e3fe]
C  [KERNEL32.DLL+0x14034]
C  [ntdll.dll+0x73691]


---------------  P R O C E S S  ---------------

Threads class SMR info:
_java_thread_list=0x00000141217189e0, length=21, elements={
0x0000014102fa0800, 0x000001410305e000, 0x0000014103060000, 0x000001411f005800,
0x000001411f006800, 0x000001411f007800, 0x000001411f008800, 0x000001411f009800,
0x00000141201a8800, 0x0000014103040800, 0x000001412030a800, 0x0000014120a9d800,
0x0000014120a95000, 0x0000014120a96000, 0x0000014120bc7800, 0x0000014120c34800,
0x0000014121371000, 0x00000141213b0800, 0x00000141213f4000, 0x00000141215f3000,
0x0000014121459800
}

Java Threads: ( => current thread )
  0x0000014102fa0800 JavaThread "main" [_thread_blocked, id=17472, stack(0x000000368e200000,0x000000368e300000)]
  0x000001410305e000 JavaThread "Reference Handler" daemon [_thread_blocked, id=15796, stack(0x000000368e500000,0x000000368e600000)]
  0x0000014103060000 JavaThread "Finalizer" daemon [_thread_blocked, id=6588, stack(0x000000368e600000,0x000000368e700000)]
  0x000001411f005800 JavaThread "Signal Dispatcher" daemon [_thread_blocked, id=6112, stack(0x000000368e700000,0x000000368e800000)]
  0x000001411f006800 JavaThread "Attach Listener" daemon [_thread_blocked, id=8612, stack(0x000000368e800000,0x000000368e900000)]
  0x000001411f007800 JavaThread "Service Thread" daemon [_thread_blocked, id=13320, stack(0x000000368e900000,0x000000368ea00000)]
  0x000001411f008800 JavaThread "C2 CompilerThread0" daemon [_thread_in_native, id=15932, stack(0x000000368ea00000,0x000000368eb00000)]
  0x000001411f009800 JavaThread "C1 CompilerThread0" daemon [_thread_blocked, id=17324, stack(0x000000368eb00000,0x000000368ec00000)]
  0x00000141201a8800 JavaThread "Sweeper thread" daemon [_thread_blocked, id=2400, stack(0x000000368ec00000,0x000000368ed00000)]
  0x0000014103040800 JavaThread "Common-Cleaner" daemon [_thread_blocked, id=16348, stack(0x000000368ed00000,0x000000368ee00000)]
  0x000001412030a800 JavaThread "Notification Thread" daemon [_thread_blocked, id=4412, stack(0x000000368ee00000,0x000000368ef00000)]
  0x0000014120a9d800 JavaThread "Active Thread: Equinox Container: 778611fa-fce6-48da-9515-8b0de890741c" [_thread_blocked, id=3824, stack(0x000000368f100000,0x000000368f200000)]
  0x0000014120a95000 JavaThread "Framework Event Dispatcher: Equinox Container: 778611fa-fce6-48da-9515-8b0de890741c" daemon [_thread_blocked, id=9720, stack(0x000000368f000000,0x000000368f100000)]
  0x0000014120a96000 JavaThread "Start Level: Equinox Container: 778611fa-fce6-48da-9515-8b0de890741c" daemon [_thread_in_native, id=11840, stack(0x000000368f200000,0x000000368f300000)]
  0x0000014120bc7800 JavaThread "SCR Component Actor" daemon [_thread_blocked, id=3140, stack(0x000000368f600000,0x000000368f700000)]
  0x0000014120c34800 JavaThread "Timer-0" daemon [_thread_blocked, id=708, stack(0x000000368f700000,0x000000368f800000)]
  0x0000014121371000 JavaThread "Worker-JM" [_thread_blocked, id=5816, stack(0x000000368f800000,0x000000368f900000)]
  0x00000141213b0800 JavaThread "Worker-0" [_thread_blocked, id=13784, stack(0x000000368f900000,0x000000368fa00000)]
  0x00000141213f4000 JavaThread "Worker-1" [_thread_blocked, id=10684, stack(0x000000368fa00000,0x000000368fb00000)]
  0x00000141215f3000 JavaThread "Java indexing" daemon [_thread_blocked, id=9516, stack(0x000000368fb00000,0x000000368fc00000)]
=>0x0000014121459800 JavaThread "C2 CompilerThread1" daemon [_thread_in_native, id=18268, stack(0x000000368fc00000,0x000000368fd00000)]

Other Threads:
  0x000001411efef800 VMThread "VM Thread" [stack: 0x000000368e400000,0x000000368e500000] [id=7320]
  0x000001412030b800 WatcherThread [stack: 0x000000368ef00000,0x000000368f000000] [id=11708]
  0x0000014102fb6000 GCTaskThread "GC Thread#0" [stack: 0x000000368e300000,0x000000368e400000] [id=9680]
  0x0000014120831800 GCTaskThread "GC Thread#1" [stack: 0x000000368f300000,0x000000368f400000] [id=16688]
  0x0000014120832000 GCTaskThread "GC Thread#2" [stack: 0x000000368f400000,0x000000368f500000] [id=9392]
  0x0000014120835000 GCTaskThread "GC Thread#3" [stack: 0x000000368f500000,0x000000368f600000] [id=19220]

Threads with active compile tasks:
C2 CompilerThread0     4593 3077   !   4       com.google.inject.spi.InjectionPoint::getInjectionPoints (489 bytes)
C2 CompilerThread1     4593 2888   !   4       org.eclipse.osgi.internal.loader.classpath.ClasspathManager::findLocalClass (210 bytes)

VM state:not at safepoint (normal execution)

VM Mutex/Monitor currently owned by a thread: None

Heap address: 0x00000000c0000000, size: 1024 MB, Compressed Oops mode: 32-bit
Narrow klass base: 0x0000000800000000, Narrow klass shift: 3
Compressed class space size: 1073741824 Address: 0x0000000800b30000

Heap:
 PSYoungGen      total 29184K, used 6244K [0x00000000eab00000, 0x00000000ecb80000, 0x0000000100000000)
  eden space 25088K, 8% used [0x00000000eab00000,0x00000000ead1dbf8,0x00000000ec380000)
  from space 4096K, 99% used [0x00000000ec780000,0x00000000ecb7b7f0,0x00000000ecb80000)
  to   space 3584K, 0% used [0x00000000ec400000,0x00000000ec400000,0x00000000ec780000)
 ParOldGen       total 68608K, used 11041K [0x00000000c0000000, 0x00000000c4300000, 0x00000000eab00000)
  object space 68608K, 16% used [0x00000000c0000000,0x00000000c0ac86c0,0x00000000c4300000)
 Metaspace       used 30620K, capacity 32161K, committed 32384K, reserved 1077248K
  class space    used 3268K, capacity 3862K, committed 3968K, reserved 1048576K

Card table byte_map: [0x000001411c100000,0x000001411c310000] _byte_map_base: 0x000001411bb00000

Marking Bits: (ParMarkBitMap*) 0x00007ffaf2e7a220
 Begin Bits: [0x000001411c470000, 0x000001411d470000)
 End Bits:   [0x000001411d470000, 0x000001411e470000)

Polling page: 0x0000014102de0000

Metaspace:

Usage:
  Non-class:     27.64 MB capacity,    26.71 MB ( 97%) used,   891.63 KB (  3%) free+waste,    52.88 KB ( <1%) overhead. 
      Class:      3.77 MB capacity,     3.19 MB ( 85%) used,   566.73 KB ( 15%) free+waste,    26.31 KB ( <1%) overhead. 
       Both:     31.41 MB capacity,    29.91 MB ( 95%) used,     1.42 MB (  5%) free+waste,    79.19 KB ( <1%) overhead. 

Virtual space:
  Non-class space:       28.00 MB reserved,      27.75 MB (>99%) committed 
      Class space:        1.00 GB reserved,       3.88 MB ( <1%) committed 
             Both:        1.03 GB reserved,      31.63 MB (  3%) committed 

Chunk freelists:
   Non-Class:  53.00 KB
       Class:  10.00 KB
        Both:  63.00 KB

MaxMetaspaceSize: 17179869184.00 GB
CompressedClassSpaceSize: 1.00 GB

CodeHeap 'non-profiled nmethods': size=120000Kb used=1254Kb max_used=1254Kb free=118745Kb
 bounds [0x00000141149f0000, 0x0000014114c60000, 0x000001411bf20000]
CodeHeap 'profiled nmethods': size=120000Kb used=7694Kb max_used=7694Kb free=112305Kb
 bounds [0x000001410d4c0000, 0x000001410dc50000, 0x00000141149f0000]
CodeHeap 'non-nmethods': size=5760Kb used=1255Kb max_used=1315Kb free=4504Kb
 bounds [0x000001410cf20000, 0x000001410d190000, 0x000001410d4c0000]
 total_blobs=3909 nmethods=3372 adapters=450
 compilation: enabled
              stopped_count=0, restarted_count=0
 full_count=0

Compilation events (20 events):
Event: 4.424 Thread 0x000001411f009800 3376  s    2       java.lang.StringBuffer::charAt (6 bytes)
Event: 4.424 Thread 0x000001411f009800 nmethod 3376 0x000001410dc3ba10 code [0x000001410dc3bbc0, 0x000001410dc3be88]
Event: 4.425 Thread 0x000001411f009800 3377  s    2       java.lang.StringBuffer::append (13 bytes)
Event: 4.425 Thread 0x000001411f009800 nmethod 3377 0x000001410dc3bf90 code [0x000001410dc3c140, 0x000001410dc3c428]
Event: 4.434 Thread 0x000001411f009800 3378   !   2       java.io.BufferedReader::readLine (304 bytes)
Event: 4.436 Thread 0x000001411f009800 nmethod 3378 0x000001410dc3c510 code [0x000001410dc3c780, 0x000001410dc3d368]
Event: 4.436 Thread 0x000001411f009800 3379       2       java.io.BufferedReader::ensureOpen (18 bytes)
Event: 4.437 Thread 0x000001411f009800 nmethod 3379 0x000001410dc3dc90 code [0x000001410dc3de40, 0x000001410dc3e028]
Event: 4.453 Thread 0x000001411f009800 3380       2       java.lang.String::indexOf (113 bytes)
Event: 4.455 Thread 0x000001411f009800 nmethod 3380 0x000001410dc3e110 code [0x000001410dc3e300, 0x000001410dc3e6a8]
Event: 4.481 Thread 0x000001411f009800 3381       2       java.lang.Math::min (46 bytes)
Event: 4.481 Thread 0x000001411f009800 nmethod 3381 0x000001410dc3e990 code [0x000001410dc3eb20, 0x000001410dc3ecf8]
Event: 4.482 Thread 0x000001411f009800 3382       3       java.util.Properties$LineReader::readLine (584 bytes)
Event: 4.485 Thread 0x000001411f009800 nmethod 3382 0x000001410dc3ed90 code [0x000001410dc3f160, 0x000001410dc41df8]
Event: 4.534 Thread 0x000001411f009800 3383       2       java.lang.String::getBytes (12 bytes)
Event: 4.534 Thread 0x000001411f009800 nmethod 3383 0x000001410dc42b10 code [0x000001410dc42ca0, 0x000001410dc42de8]
Event: 4.535 Thread 0x000001411f009800 3384       2       java.nio.ByteBuffer::flip (7 bytes)
Event: 4.535 Thread 0x000001411f009800 nmethod 3384 0x000001410dc42e90 code [0x000001410dc43020, 0x000001410dc43158]
Event: 4.536 Thread 0x000001411f009800 3385       2       java.io.Reader::<init> (27 bytes)
Event: 4.537 Thread 0x000001411f009800 nmethod 3385 0x000001410dc43210 code [0x000001410dc433c0, 0x000001410dc435c8]

GC Heap History (14 events):
Event: 1.335 GC heap before
{Heap before GC invocations=1 (full 0):
 PSYoungGen      total 29696K, used 25600K [0x00000000eab00000, 0x00000000ecc00000, 0x0000000100000000)
  eden space 25600K, 100% used [0x00000000eab00000,0x00000000ec400000,0x00000000ec400000)
  from space 4096K, 0% used [0x00000000ec800000,0x00000000ec800000,0x00000000ecc00000)
  to   space 4096K, 0% used [0x00000000ec400000,0x00000000ec400000,0x00000000ec800000)
 ParOldGen       total 68608K, used 0K [0x00000000c0000000, 0x00000000c4300000, 0x00000000eab00000)
  object space 68608K, 0% used [0x00000000c0000000,0x00000000c0000000,0x00000000c4300000)
 Metaspace       used 7023K, capacity 7493K, committed 7680K, reserved 1056768K
  class space    used 693K, capacity 734K, committed 768K, reserved 1048576K
}
Event: 1.344 GC heap after
{Heap after GC invocations=1 (full 0):
 PSYoungGen      total 29696K, used 4089K [0x00000000eab00000, 0x00000000ecc00000, 0x0000000100000000)
  eden space 25600K, 0% used [0x00000000eab00000,0x00000000eab00000,0x00000000ec400000)
  from space 4096K, 99% used [0x00000000ec400000,0x00000000ec7fe650,0x00000000ec800000)
  to   space 4096K, 0% used [0x00000000ec800000,0x00000000ec800000,0x00000000ecc00000)
 ParOldGen       total 68608K, used 400K [0x00000000c0000000, 0x00000000c4300000, 0x00000000eab00000)
  object space 68608K, 0% used [0x00000000c0000000,0x00000000c0064010,0x00000000c4300000)
 Metaspace       used 7023K, capacity 7493K, committed 7680K, reserved 1056768K
  class space    used 693K, capacity 734K, committed 768K, reserved 1048576K
}
Event: 2.243 GC heap before
{Heap before GC invocations=2 (full 0):
 PSYoungGen      total 29696K, used 29689K [0x00000000eab00000, 0x00000000ecc00000, 0x0000000100000000)
  eden space 25600K, 100% used [0x00000000eab00000,0x00000000ec400000,0x00000000ec400000)
  from space 4096K, 99% used [0x00000000ec400000,0x00000000ec7fe650,0x00000000ec800000)
  to   space 4096K, 0% used [0x00000000ec800000,0x00000000ec800000,0x00000000ecc00000)
 ParOldGen       total 68608K, used 400K [0x00000000c0000000, 0x00000000c4300000, 0x00000000eab00000)
  object space 68608K, 0% used [0x00000000c0000000,0x00000000c0064010,0x00000000c4300000)
 Metaspace       used 17420K, capacity 18443K, committed 18688K, reserved 1067008K
  class space    used 1622K, capacity 1972K, committed 2048K, reserved 1048576K
}
Event: 2.253 GC heap after
{Heap after GC invocations=2 (full 0):
 PSYoungGen      total 29696K, used 4077K [0x00000000eab00000, 0x00000000ecc00000, 0x0000000100000000)
  eden space 25600K, 0% used [0x00000000eab00000,0x00000000eab00000,0x00000000ec400000)
  from space 4096K, 99% used [0x00000000ec800000,0x00000000ecbfb5b8,0x00000000ecc00000)
  to   space 4096K, 0% used [0x00000000ec400000,0x00000000ec400000,0x00000000ec800000)
 ParOldGen       total 68608K, used 3226K [0x00000000c0000000, 0x00000000c4300000, 0x00000000eab00000)
  object space 68608K, 4% used [0x00000000c0000000,0x00000000c0326b78,0x00000000c4300000)
 Metaspace       used 17420K, capacity 18443K, committed 18688K, reserved 1067008K
  class space    used 1622K, capacity 1972K, committed 2048K, reserved 1048576K
}
Event: 2.453 GC heap before
{Heap before GC invocations=3 (full 0):
 PSYoungGen      total 29696K, used 15498K [0x00000000eab00000, 0x00000000ecc00000, 0x0000000100000000)
  eden space 25600K, 44% used [0x00000000eab00000,0x00000000eb6273e0,0x00000000ec400000)
  from space 4096K, 99% used [0x00000000ec800000,0x00000000ecbfb5b8,0x00000000ecc00000)
  to   space 4096K, 0% used [0x00000000ec400000,0x00000000ec400000,0x00000000ec800000)
 ParOldGen       total 68608K, used 3226K [0x00000000c0000000, 0x00000000c4300000, 0x00000000eab00000)
  object space 68608K, 4% used [0x00000000c0000000,0x00000000c0326b78,0x00000000c4300000)
 Metaspace       used 20094K, capacity 21146K, committed 21248K, reserved 1069056K
  class space    used 1906K, capacity 2287K, committed 2304K, reserved 1048576K
}
Event: 2.459 GC heap after
{Heap after GC invocations=3 (full 0):
 PSYoungGen      total 29696K, used 4090K [0x00000000eab00000, 0x00000000ecc00000, 0x0000000100000000)
  eden space 25600K, 0% used [0x00000000eab00000,0x00000000eab00000,0x00000000ec400000)
  from space 4096K, 99% used [0x00000000ec400000,0x00000000ec7fe8b0,0x00000000ec800000)
  to   space 4096K, 0% used [0x00000000ec800000,0x00000000ec800000,0x00000000ecc00000)
 ParOldGen       total 68608K, used 4398K [0x00000000c0000000, 0x00000000c4300000, 0x00000000eab00000)
  object space 68608K, 6% used [0x00000000c0000000,0x00000000c044b9e8,0x00000000c4300000)
 Metaspace       used 20094K, capacity 21146K, committed 21248K, reserved 1069056K
  class space    used 1906K, capacity 2287K, committed 2304K, reserved 1048576K
}
Event: 2.459 GC heap before
{Heap before GC invocations=4 (full 1):
 PSYoungGen      total 29696K, used 4090K [0x00000000eab00000, 0x00000000ecc00000, 0x0000000100000000)
  eden space 25600K, 0% used [0x00000000eab00000,0x00000000eab00000,0x00000000ec400000)
  from space 4096K, 99% used [0x00000000ec400000,0x00000000ec7fe8b0,0x00000000ec800000)
  to   space 4096K, 0% used [0x00000000ec800000,0x00000000ec800000,0x00000000ecc00000)
 ParOldGen       total 68608K, used 4398K [0x00000000c0000000, 0x00000000c4300000, 0x00000000eab00000)
  object space 68608K, 6% used [0x00000000c0000000,0x00000000c044b9e8,0x00000000c4300000)
 Metaspace       used 20094K, capacity 21146K, committed 21248K, reserved 1069056K
  class space    used 1906K, capacity 2287K, committed 2304K, reserved 1048576K
}
Event: 2.488 GC heap after
{Heap after GC invocations=4 (full 1):
 PSYoungGen      total 29696K, used 0K [0x00000000eab00000, 0x00000000ecc00000, 0x0000000100000000)
  eden space 25600K, 0% used [0x00000000eab00000,0x00000000eab00000,0x00000000ec400000)
  from space 4096K, 0% used [0x00000000ec400000,0x00000000ec400000,0x00000000ec800000)
  to   space 4096K, 0% used [0x00000000ec800000,0x00000000ec800000,0x00000000ecc00000)
 ParOldGen       total 68608K, used 8301K [0x00000000c0000000, 0x00000000c4300000, 0x00000000eab00000)
  object space 68608K, 12% used [0x00000000c0000000,0x00000000c081b560,0x00000000c4300000)
 Metaspace       used 20094K, capacity 21146K, committed 21248K, reserved 1069056K
  class space    used 1906K, capacity 2287K, committed 2304K, reserved 1048576K
}
Event: 3.162 GC heap before
{Heap before GC invocations=5 (full 1):
 PSYoungGen      total 29696K, used 25600K [0x00000000eab00000, 0x00000000ecc00000, 0x0000000100000000)
  eden space 25600K, 100% used [0x00000000eab00000,0x00000000ec400000,0x00000000ec400000)
  from space 4096K, 0% used [0x00000000ec400000,0x00000000ec400000,0x00000000ec800000)
  to   space 4096K, 0% used [0x00000000ec800000,0x00000000ec800000,0x00000000ecc00000)
 ParOldGen       total 68608K, used 8301K [0x00000000c0000000, 0x00000000c4300000, 0x00000000eab00000)
  object space 68608K, 12% used [0x00000000c0000000,0x00000000c081b560,0x00000000c4300000)
 Metaspace       used 24206K, capacity 25528K, committed 25728K, reserved 1073152K
  class space    used 2487K, capacity 2941K, committed 2944K, reserved 1048576K
}
Event: 3.164 GC heap after
{Heap after GC invocations=5 (full 1):
 PSYoungGen      total 29696K, used 1878K [0x00000000eab00000, 0x00000000ecc00000, 0x0000000100000000)
  eden space 25600K, 0% used [0x00000000eab00000,0x00000000eab00000,0x00000000ec400000)
  from space 4096K, 45% used [0x00000000ec800000,0x00000000ec9d5958,0x00000000ecc00000)
  to   space 4096K, 0% used [0x00000000ec400000,0x00000000ec400000,0x00000000ec800000)
 ParOldGen       total 68608K, used 8309K [0x00000000c0000000, 0x00000000c4300000, 0x00000000eab00000)
  object space 68608K, 12% used [0x00000000c0000000,0x00000000c081d560,0x00000000c4300000)
 Metaspace       used 24206K, capacity 25528K, committed 25728K, reserved 1073152K
  class space    used 2487K, capacity 2941K, committed 2944K, reserved 1048576K
}
Event: 3.693 GC heap before
{Heap before GC invocations=6 (full 1):
 PSYoungGen      total 29696K, used 27478K [0x00000000eab00000, 0x00000000ecc00000, 0x0000000100000000)
  eden space 25600K, 100% used [0x00000000eab00000,0x00000000ec400000,0x00000000ec400000)
  from space 4096K, 45% used [0x00000000ec800000,0x00000000ec9d5958,0x00000000ecc00000)
  to   space 4096K, 0% used [0x00000000ec400000,0x00000000ec400000,0x00000000ec800000)
 ParOldGen       total 68608K, used 8309K [0x00000000c0000000, 0x00000000c4300000, 0x00000000eab00000)
  object space 68608K, 12% used [0x00000000c0000000,0x00000000c081d560,0x00000000c4300000)
 Metaspace       used 27904K, capacity 29396K, committed 29440K, reserved 1075200K
  class space    used 2994K, capacity 3546K, committed 3584K, reserved 1048576K
}
Event: 3.697 GC heap after
{Heap after GC invocations=6 (full 1):
 PSYoungGen      total 28672K, used 3466K [0x00000000eab00000, 0x00000000ecb80000, 0x0000000100000000)
  eden space 25088K, 0% used [0x00000000eab00000,0x00000000eab00000,0x00000000ec380000)
  from space 3584K, 96% used [0x00000000ec400000,0x00000000ec762b28,0x00000000ec780000)
  to   space 4096K, 0% used [0x00000000ec780000,0x00000000ec780000,0x00000000ecb80000)
 ParOldGen       total 68608K, used 8317K [0x00000000c0000000, 0x00000000c4300000, 0x00000000eab00000)
  object space 68608K, 12% used [0x00000000c0000000,0x00000000c081f560,0x00000000c4300000)
 Metaspace       used 27904K, capacity 29396K, committed 29440K, reserved 1075200K
  class space    used 2994K, capacity 3546K, committed 3584K, reserved 1048576K
}
Event: 4.538 GC heap before
{Heap before GC invocations=7 (full 1):
 PSYoungGen      total 28672K, used 28554K [0x00000000eab00000, 0x00000000ecb80000, 0x0000000100000000)
  eden space 25088K, 100% used [0x00000000eab00000,0x00000000ec380000,0x00000000ec380000)
  from space 3584K, 96% used [0x00000000ec400000,0x00000000ec762b28,0x00000000ec780000)
  to   space 4096K, 0% used [0x00000000ec780000,0x00000000ec780000,0x00000000ecb80000)
 ParOldGen       total 68608K, used 8317K [0x00000000c0000000, 0x00000000c4300000, 0x00000000eab00000)
  object space 68608K, 12% used [0x00000000c0000000,0x00000000c081f560,0x00000000c4300000)
 Metaspace       used 30298K, capacity 31873K, committed 32000K, reserved 1077248K
  class space    used 3229K, capacity 3830K, committed 3840K, reserved 1048576K
}
Event: 4.544 GC heap after
{Heap after GC invocations=7 (full 1):
 PSYoungGen      total 29184K, used 4077K [0x00000000eab00000, 0x00000000ecb80000, 0x0000000100000000)
  eden space 25088K, 0% used [0x00000000eab00000,0x00000000eab00000,0x00000000ec380000)
  from space 4096K, 99% used [0x00000000ec780000,0x00000000ecb7b7f0,0x00000000ecb80000)
  to   space 3584K, 0% used [0x00000000ec400000,0x00000000ec400000,0x00000000ec780000)
 ParOldGen       total 68608K, used 11041K [0x00000000c0000000, 0x00000000c4300000, 0x00000000eab00000)
  object space 68608K, 16% used [0x00000000c0000000,0x00000000c0ac86c0,0x00000000c4300000)
 Metaspace       used 30298K, capacity 31873K, committed 32000K, reserved 1077248K
  class space    used 3229K, capacity 3830K, committed 3840K, reserved 1048576K
}

Deoptimization events (20 events):
Event: 3.651 Thread 0x0000014120a96000 DEOPT PACKING pc=0x0000014114ae50a0 sp=0x000000368f2fb780
Event: 3.651 Thread 0x0000014120a96000 DEOPT UNPACKING pc=0x000001410cf6912f sp=0x000000368f2fb648 mode 2
Event: 3.966 Thread 0x0000014120a96000 DEOPT PACKING pc=0x000001410db1d378 sp=0x000000368f2fb060
Event: 3.966 Thread 0x0000014120a96000 DEOPT UNPACKING pc=0x000001410cf6964e sp=0x000000368f2fa500 mode 0
Event: 3.972 Thread 0x0000014120a96000 Uncommon trap: trap_request=0xffffffc6 fr.pc=0x0000014114a85b9c relative=0x00000000000002bc
Event: 3.972 Thread 0x0000014120a96000 Uncommon trap: reason=bimorphic_or_optimized_type_check action=maybe_recompile pc=0x0000014114a85b9c method=java.util.Collections$UnmodifiableCollection$1.<init>(Ljava/util/Collections$UnmodifiableCollection;)V @ 17 c2
Event: 3.972 Thread 0x0000014120a96000 DEOPT PACKING pc=0x0000014114a85b9c sp=0x000000368f2fc7d0
Event: 3.972 Thread 0x0000014120a96000 DEOPT UNPACKING pc=0x000001410cf6912f sp=0x000000368f2fc708 mode 2
Event: 3.999 Thread 0x0000014120a96000 Uncommon trap: trap_request=0xffffffc6 fr.pc=0x0000014114ac22b4 relative=0x0000000000000734
Event: 3.999 Thread 0x0000014120a96000 Uncommon trap: reason=bimorphic_or_optimized_type_check action=maybe_recompile pc=0x0000014114ac22b4 method=java.util.HashMap.putVal(ILjava/lang/Object;Ljava/lang/Object;ZZ)Ljava/lang/Object; @ 203 c2
Event: 3.999 Thread 0x0000014120a96000 DEOPT PACKING pc=0x0000014114ac22b4 sp=0x000000368f2fc4b0
Event: 3.999 Thread 0x0000014120a96000 DEOPT UNPACKING pc=0x000001410cf6912f sp=0x000000368f2fc420 mode 2
Event: 4.085 Thread 0x0000014120a96000 DEOPT PACKING pc=0x000001410db1d378 sp=0x000000368f2fc040
Event: 4.085 Thread 0x0000014120a96000 DEOPT UNPACKING pc=0x000001410cf6964e sp=0x000000368f2fb4e0 mode 0
Event: 4.135 Thread 0x0000014120a96000 DEOPT PACKING pc=0x000001410db1d378 sp=0x000000368f2fb160
Event: 4.135 Thread 0x0000014120a96000 DEOPT UNPACKING pc=0x000001410cf6964e sp=0x000000368f2fa600 mode 0
Event: 4.335 Thread 0x0000014120a96000 Uncommon trap: trap_request=0xffffff45 fr.pc=0x0000014114aaa81c relative=0x000000000000015c
Event: 4.335 Thread 0x0000014120a96000 Uncommon trap: reason=unstable_if action=reinterpret pc=0x0000014114aaa81c method=jdk.internal.org.objectweb.asm.SymbolTable.put(Ljdk/internal/org/objectweb/asm/SymbolTable$Entry;)Ljdk/internal/org/objectweb/asm/SymbolTable$Entry; @ 13 c2
Event: 4.335 Thread 0x0000014120a96000 DEOPT PACKING pc=0x0000014114aaa81c sp=0x000000368f2f5260
Event: 4.335 Thread 0x0000014120a96000 DEOPT UNPACKING pc=0x000001410cf6912f sp=0x000000368f2f51c0 mode 2

Classes unloaded (0 events):
No events

Classes redefined (0 events):
No events

Internal exceptions (20 events):
Event: 0.827 Thread 0x0000014102fa0800 Exception <a 'java/lang/NoSuchMethodError'{0x00000000eb8e9008}: 'void java.lang.invoke.DirectMethodHandle$Holder.invokeStaticInit(java.lang.Object, java.lang.Object)'> (0x00000000eb8e9008) 
thrown [./open/src/hotspot/share/interpreter/linkResolver.cpp, line 766]
Event: 0.832 Thread 0x0000014102fa0800 Exception <a 'java/lang/NoSuchMethodError'{0x00000000eb8ee078}: 'int java.lang.invoke.DirectMethodHandle$Holder.invokeStaticInit(java.lang.Object, java.lang.Object)'> (0x00000000eb8ee078) 
thrown [./open/src/hotspot/share/interpreter/linkResolver.cpp, line 766]
Event: 0.930 Thread 0x0000014102fa0800 Exception <a 'java/lang/NoSuchMethodError'{0x00000000ebab5658}: 'int java.lang.invoke.DirectMethodHandle$Holder.invokeSpecialIFC(java.lang.Object, java.lang.Object, int)'> (0x00000000ebab5658) 
thrown [./open/src/hotspot/share/interpreter/linkResolver.cpp, line 766]
Event: 1.130 Thread 0x0000014102fa0800 Exception <a 'java/lang/NoSuchMethodError'{0x00000000ebfe1870}: 'java.lang.Object java.lang.invoke.DirectMethodHandle$Holder.invokeStatic(java.lang.Object, int, java.lang.Object)'> (0x00000000ebfe1870) 
thrown [./open/src/hotspot/share/interpreter/linkResolver.cpp, line 766]
Event: 1.133 Thread 0x0000014102fa0800 Exception <a 'java/lang/NoSuchMethodError'{0x00000000ebffbbb0}: 'java.lang.Object java.lang.invoke.Invokers$Holder.linkToTargetMethod(java.lang.Object, java.lang.Object, java.lang.Object, int, java.lang.Object, java.lang.Object)'> (0x00000000ebffbbb0) 
thrown [./open/src/hotspot/share/interpreter/linkResolver.cpp, line 766]
Event: 1.331 Thread 0x0000014102fa0800 Exception <a 'java/lang/UnsatisfiedLinkError'{0x00000000ec345580}: 'void org.eclipse.equinox.launcher.JNIBridge._update_splash()'> (0x00000000ec345580) 
thrown [./open/src/hotspot/share/prims/nativeLookup.cpp, line 408]
Event: 1.520 Thread 0x0000014120a96000 Exception <a 'java/io/FileNotFoundException'{0x00000000eaf45d38}> (0x00000000eaf45d38) 
thrown [./open/src/hotspot/share/prims/jni.cpp, line 599]
Event: 1.832 Thread 0x0000014120a96000 Exception <a 'java/lang/NoSuchMethodError'{0x00000000eb5eb710}: 'void java.lang.invoke.DirectMethodHandle$Holder.invokeSpecial(java.lang.Object, java.lang.Object, java.lang.Object, java.lang.Object)'> (0x00000000eb5eb710) 
thrown [./open/src/hotspot/share/interpreter/linkResolver.cpp, line 766]
Event: 1.840 Thread 0x0000014120a96000 Exception <a 'java/io/FileNotFoundException'{0x00000000eb613c58}> (0x00000000eb613c58) 
thrown [./open/src/hotspot/share/prims/jni.cpp, line 599]
Event: 2.037 Thread 0x0000014120a96000 Exception <a 'java/io/FileNotFoundException'{0x00000000ebb0c6b0}> (0x00000000ebb0c6b0) 
thrown [./open/src/hotspot/share/prims/jni.cpp, line 599]
Event: 2.037 Thread 0x0000014120a96000 Exception <a 'java/io/FileNotFoundException'{0x00000000ebb0d7c8}> (0x00000000ebb0d7c8) 
thrown [./open/src/hotspot/share/prims/jni.cpp, line 599]
Event: 2.037 Thread 0x0000014120a96000 Exception <a 'java/io/FileNotFoundException'{0x00000000ebb0e8f0}> (0x00000000ebb0e8f0) 
thrown [./open/src/hotspot/share/prims/jni.cpp, line 599]
Event: 2.130 Thread 0x0000014120a96000 Exception <a 'java/lang/NoSuchMethodError'{0x00000000ebe91fa8}: 'int java.lang.invoke.DirectMethodHandle$Holder.invokeStaticInit(java.lang.Object, java.lang.Object, java.lang.Object)'> (0x00000000ebe91fa8) 
thrown [./open/src/hotspot/share/interpreter/linkResolver.cpp, line 766]
Event: 2.263 Thread 0x0000014120a96000 Exception <a 'java/io/FileNotFoundException'{0x00000000eb1b5110}> (0x00000000eb1b5110) 
thrown [./open/src/hotspot/share/prims/jni.cpp, line 599]
Event: 2.295 Thread 0x0000014120a96000 Exception <a 'java/io/FileNotFoundException'{0x00000000eb2518b8}> (0x00000000eb2518b8) 
thrown [./open/src/hotspot/share/prims/jni.cpp, line 599]
Event: 2.385 Thread 0x0000014120a96000 Exception <a 'java/lang/ClassNotFoundException'{0x00000000eb4106f0}: com/sun/org/apache/xml/internal/serializer/spi/XMLEntitiesProvider> (0x00000000eb4106f0) 
thrown [./open/src/hotspot/share/classfile/systemDictionary.cpp, line 226]
Event: 2.514 Thread 0x0000014120a96000 Exception <a 'java/io/FileNotFoundException'{0x00000000eab5f2b8}> (0x00000000eab5f2b8) 
thrown [./open/src/hotspot/share/prims/jni.cpp, line 599]
Event: 2.656 Thread 0x0000014120a96000 Exception <a 'java/lang/NoClassDefFoundError'{0x00000000eade1fd8}: org/slf4j/impl/StaticLoggerBinder> (0x00000000eade1fd8) 
thrown [./open/src/hotspot/share/classfile/systemDictionary.cpp, line 215]
Event: 4.174 Thread 0x0000014120a96000 Exception <a 'java/lang/NoClassDefFoundError'{0x00000000ebe1fb80}: com/google/inject/servlet/ServletModuleTargetVisitor> (0x00000000ebe1fb80) 
thrown [./open/src/hotspot/share/classfile/systemDictionary.cpp, line 215]
Event: 4.175 Thread 0x0000014120a96000 Exception <a 'java/lang/NoClassDefFoundError'{0x00000000ebe24578}: javax/annotation/Priority> (0x00000000ebe24578) 
thrown [./open/src/hotspot/share/classfile/systemDictionary.cpp, line 215]

Events (20 events):
Event: 4.284 Executing VM operation: HandshakeOneThread
Event: 4.284 Executing VM operation: HandshakeOneThread done
Event: 4.325 Executing VM operation: HandshakeAllThreads
Event: 4.325 Executing VM operation: HandshakeAllThreads done
Event: 4.330 loading class java/util/regex/Pattern$Dollar
Event: 4.330 loading class java/util/regex/Pattern$Dollar done
Event: 4.423 Executing VM operation: HandshakeAllThreads
Event: 4.423 Executing VM operation: HandshakeAllThreads done
Event: 4.426 loading class java/io/LineNumberReader
Event: 4.427 loading class java/io/LineNumberReader done
Event: 4.431 Executing VM operation: HandshakeAllThreads
Event: 4.432 Executing VM operation: HandshakeAllThreads done
Event: 4.432 loading class sun/nio/cs/ISO_8859_1$Decoder
Event: 4.433 loading class sun/nio/cs/ISO_8859_1$Decoder done
Event: 4.437 loading class java/util/Vector$Itr
Event: 4.438 loading class java/util/Vector$Itr done
Event: 4.531 loading class java/util/EmptyStackException
Event: 4.531 loading class java/util/EmptyStackException done
Event: 4.538 Executing VM operation: ParallelGCFailedAllocation
Event: 4.544 Executing VM operation: ParallelGCFailedAllocation done


Dynamic libraries:
0x00007ff76e3d0000 - 0x00007ff76e3df000 	C:\Program Files\Java\jdk-14.0.2\bin\java.exe
0x00007ffb4f950000 - 0x00007ffb4fb31000 	C:\WINDOWS\SYSTEM32\ntdll.dll
0x00007ffb4d1b0000 - 0x00007ffb4d261000 	C:\WINDOWS\System32\KERNEL32.DLL
0x00007ffb4bfe0000 - 0x00007ffb4c253000 	C:\WINDOWS\System32\KERNELBASE.dll
0x00007ffb4bee0000 - 0x00007ffb4bfd8000 	C:\WINDOWS\System32\ucrtbase.dll
0x00007ffb40380000 - 0x00007ffb40395000 	C:\Program Files\Java\jdk-14.0.2\bin\VCRUNTIME140.dll
0x00007ffb46930000 - 0x00007ffb46948000 	C:\Program Files\Java\jdk-14.0.2\bin\jli.dll
0x00007ffb4dde0000 - 0x00007ffb4de81000 	C:\WINDOWS\System32\ADVAPI32.dll
0x00007ffb4e3d0000 - 0x00007ffb4e46e000 	C:\WINDOWS\System32\msvcrt.dll
0x00007ffb4df30000 - 0x00007ffb4df8b000 	C:\WINDOWS\System32\sechost.dll
0x00007ffb4dcb0000 - 0x00007ffb4ddd4000 	C:\WINDOWS\System32\RPCRT4.dll
0x00007ffb4e1c0000 - 0x00007ffb4e350000 	C:\WINDOWS\System32\USER32.dll
0x00007ffb4bec0000 - 0x00007ffb4bee0000 	C:\WINDOWS\System32\win32u.dll
0x00007ffb4e470000 - 0x00007ffb4e498000 	C:\WINDOWS\System32\GDI32.dll
0x00007ffb4bd20000 - 0x00007ffb4beb1000 	C:\WINDOWS\System32\gdi32full.dll
0x00007ffb38180000 - 0x00007ffb383e9000 	C:\WINDOWS\WinSxS\amd64_microsoft.windows.common-controls_6595b64144ccf1df_6.0.17134.950_none_fb3da4273069d3e0\COMCTL32.dll
0x00007ffb4cd40000 - 0x00007ffb4cddf000 	C:\WINDOWS\System32\msvcp_win.dll
0x00007ffb4d830000 - 0x00007ffb4db52000 	C:\WINDOWS\System32\combase.dll
0x00007ffb4ccc0000 - 0x00007ffb4cd39000 	C:\WINDOWS\System32\bcryptPrimitives.dll
0x00007ffb3e040000 - 0x00007ffb3e04a000 	C:\WINDOWS\SYSTEM32\VERSION.dll
0x00007ffb4e4b0000 - 0x00007ffb4e4dd000 	C:\WINDOWS\System32\IMM32.DLL
0x00007ffb20300000 - 0x00007ffb2039b000 	C:\Program Files\Java\jdk-14.0.2\bin\msvcp140.dll
0x00007ffaf2420000 - 0x00007ffaf2f3e000 	C:\Program Files\Java\jdk-14.0.2\bin\server\jvm.dll
0x00007ffb4deb0000 - 0x00007ffb4deb8000 	C:\WINDOWS\System32\PSAPI.DLL
0x00007ffb2ca30000 - 0x00007ffb2ca39000 	C:\WINDOWS\SYSTEM32\WSOCK32.dll
0x00007ffb49a80000 - 0x00007ffb49aa3000 	C:\WINDOWS\SYSTEM32\WINMM.dll
0x00007ffb4dec0000 - 0x00007ffb4df2c000 	C:\WINDOWS\System32\WS2_32.dll
0x00007ffb49a50000 - 0x00007ffb49a7a000 	C:\WINDOWS\SYSTEM32\WINMMBASE.dll
0x00007ffb4c9d0000 - 0x00007ffb4ca19000 	C:\WINDOWS\System32\cfgmgr32.dll
0x00007ffb4bd00000 - 0x00007ffb4bd11000 	C:\WINDOWS\System32\kernel.appcore.dll
0x00007ffb47730000 - 0x00007ffb4773a000 	C:\Program Files\Java\jdk-14.0.2\bin\jimage.dll
0x00007ffb49d30000 - 0x00007ffb49ef9000 	C:\WINDOWS\SYSTEM32\DBGHELP.DLL
0x00007ffb2a700000 - 0x00007ffb2a729000 	C:\WINDOWS\SYSTEM32\dbgcore.DLL
0x00007ffb37440000 - 0x00007ffb37465000 	C:\Program Files\Java\jdk-14.0.2\bin\java.dll
0x00007ffb375b0000 - 0x00007ffb375c6000 	C:\Program Files\Java\jdk-14.0.2\bin\zip.dll
0x00007ffb4e4e0000 - 0x00007ffb4f920000 	C:\WINDOWS\System32\SHELL32.dll
0x00007ffb4e110000 - 0x00007ffb4e1b9000 	C:\WINDOWS\System32\shcore.dll
0x00007ffb4c260000 - 0x00007ffb4c96d000 	C:\WINDOWS\System32\windows.storage.dll
0x00007ffb4ce80000 - 0x00007ffb4ced1000 	C:\WINDOWS\System32\shlwapi.dll
0x00007ffb4bce0000 - 0x00007ffb4bcff000 	C:\WINDOWS\System32\profapi.dll
0x00007ffb4bc60000 - 0x00007ffb4bcac000 	C:\WINDOWS\System32\powrprof.dll
0x00007ffb4bcb0000 - 0x00007ffb4bcba000 	C:\WINDOWS\System32\FLTLIB.DLL
0x00007ffb26e00000 - 0x00007ffb26e19000 	C:\Program Files\Java\jdk-14.0.2\bin\net.dll
0x00007ffb41e60000 - 0x00007ffb41f3d000 	C:\WINDOWS\SYSTEM32\WINHTTP.dll
0x00007ffb4b480000 - 0x00007ffb4b4e6000 	C:\WINDOWS\system32\mswsock.dll
0x00007ffb26de0000 - 0x00007ffb26df2000 	C:\Program Files\Java\jdk-14.0.2\bin\nio.dll
0x00007ffb4b630000 - 0x00007ffb4b647000 	C:\WINDOWS\SYSTEM32\CRYPTSP.dll
0x00007ffb4b030000 - 0x00007ffb4b063000 	C:\WINDOWS\system32\rsaenh.dll
0x00007ffb4b760000 - 0x00007ffb4b785000 	C:\WINDOWS\SYSTEM32\bcrypt.dll
0x00007ffb4bb60000 - 0x00007ffb4bb88000 	C:\WINDOWS\SYSTEM32\USERENV.dll
0x00007ffb4b650000 - 0x00007ffb4b65b000 	C:\WINDOWS\SYSTEM32\CRYPTBASE.dll
0x00007ffb4b1d0000 - 0x00007ffb4b208000 	C:\WINDOWS\SYSTEM32\IPHLPAPI.DLL
0x00007ffb4d820000 - 0x00007ffb4d828000 	C:\WINDOWS\System32\NSI.dll
0x00007ffb40010000 - 0x00007ffb40026000 	C:\WINDOWS\SYSTEM32\dhcpcsvc6.DLL
0x00007ffb41d70000 - 0x00007ffb41d8a000 	C:\WINDOWS\SYSTEM32\dhcpcsvc.DLL
0x00007ffb259a0000 - 0x00007ffb259ca000 	C:\Users\Aurel\AppData\Roaming\Code\User\globalStorage\redhat.java\0.66.0\config_win\org.eclipse.equinox.launcher\org.eclipse.equinox.launcher.win32.win32.x86_64_1.1.1300.v20200819-0940\eclipse_11100.dll
0x00007ffb468d0000 - 0x00007ffb468e0000 	C:\Program Files\Java\jdk-14.0.2\bin\verify.dll

dbghelp: loaded successfully - version: 4.0.5 - missing functions: none
symbol engine: initialized successfully - sym options: 0x614 - pdb path: .;C:\Program Files\Java\jdk-14.0.2\bin;C:\WINDOWS\SYSTEM32;C:\WINDOWS\WinSxS\amd64_microsoft.windows.common-controls_6595b64144ccf1df_6.0.17134.950_none_fb3da4273069d3e0;C:\Program Files\Java\jdk-14.0.2\bin\server;C:\Users\Aurel\AppData\Roaming\Code\User\globalStorage\redhat.java\0.66.0\config_win\org.eclipse.equinox.launcher\org.eclipse.equinox.launcher.win32.win32.x86_64_1.1.1300.v20200819-0940

VM Arguments:
jvm_args: --add-modules=ALL-SYSTEM --add-opens=java.base/java.util=ALL-UNNAMED --add-opens=java.base/java.lang=ALL-UNNAMED -Declipse.application=org.eclipse.jdt.ls.core.id1 -Dosgi.bundles.defaultStartLevel=4 -Declipse.product=org.eclipse.jdt.ls.core.product -Dfile.encoding=utf8 -DwatchParentProcess=false -XX:+UseParallelGC -XX:GCTimeRatio=4 -XX:AdaptiveSizePolicyWeight=90 -Dsun.zip.disableMemoryMapping=true -Xmx1G -Xms100m 
java_command: c:\Users\Aurel\.vscode\extensions\redhat.java-0.66.0\server\plugins\org.eclipse.equinox.launcher_1.5.800.v20200727-1323.jar -configuration c:\Users\Aurel\AppData\Roaming\Code\User\globalStorage\redhat.java\0.66.0\config_win -data c:\Users\Aurel\AppData\Roaming\Code\User\workspaceStorage\cd36652f1d942c2d52fc102882996ab9\redhat.java\jdt_ws
java_class_path (initial): c:\Users\Aurel\.vscode\extensions\redhat.java-0.66.0\server\plugins\org.eclipse.equinox.launcher_1.5.800.v20200727-1323.jar
Launcher Type: SUN_STANDARD

[Global flags]
    uintx AdaptiveSizePolicyWeight                 = 90                                        {product} {command line}
     intx CICompilerCount                          = 3                                         {product} {ergonomic}
    uintx GCTimeRatio                              = 4                                         {product} {command line}
   size_t InitialHeapSize                          = 104857600                                 {product} {command line}
   size_t MaxHeapSize                              = 1073741824                                {product} {command line}
   size_t MaxNewSize                               = 357564416                                 {product} {ergonomic}
   size_t MinHeapDeltaBytes                        = 524288                                    {product} {ergonomic}
   size_t MinHeapSize                              = 104857600                                 {product} {command line}
   size_t NewSize                                  = 34603008                                  {product} {ergonomic}
    uintx NonNMethodCodeHeapSize                   = 5832780                                {pd product} {ergonomic}
    uintx NonProfiledCodeHeapSize                  = 122912730                              {pd product} {ergonomic}
   size_t OldSize                                  = 70254592                                  {product} {ergonomic}
    uintx ProfiledCodeHeapSize                     = 122912730                              {pd product} {ergonomic}
    uintx ReservedCodeCacheSize                    = 251658240                              {pd product} {ergonomic}
     bool SegmentedCodeCache                       = true                                      {product} {ergonomic}
   size_t SoftMaxHeapSize                          = 1073741824                             {manageable} {ergonomic}
     bool UseCompressedClassPointers               = true                                 {lp64_product} {ergonomic}
     bool UseCompressedOops                        = true                                 {lp64_product} {ergonomic}
     bool UseLargePagesIndividualAllocation        = false                                  {pd product} {ergonomic}
     bool UseParallelGC                            = true                                      {product} {command line}

Logging:
Log output configuration:
 #0: stdout all=warning uptime,level,tags
 #1: stderr all=off uptime,level,tags

Environment Variables:
PATH=C:\Program Files (x86)\Common Files\Oracle\Java\javapath;C:\Program Files (x86)\Intel\iCLS Client\;C:\oraclexe\app\oracle\product\11.2.0\server\bin;C:\Program Files\ImageMagick;C:\Program Files (x86)\ImageMagick-7.0.4-Q16;C:\ProgramData\Oracle\Java\javapath;C:\Program Files\Intel\iCLS Client\;C:\WINDOWS\system32;C:\WINDOWS;C:\WINDOWS\System32\Wbem;C:\WINDOWS\System32\WindowsPowerShell\v1.0\;C:\Program Files (x86)\Intel\Intel(R) Management Engine Components\DAL;C:\Program Files\Intel\Intel(R) Management Engine Components\DAL;C:\Program Files (x86)\Intel\Intel(R) Management Engine Components\IPT;C:\Program Files\Intel\Intel(R) Management Engine Components\IPT;C:\ProgramData\ComposerSetup\bin;C:\WINDOWS\System32\OpenSSH\;C:\Program Files\Git\cmd;C:\Users\Aurel\AppData\Local\Programs\Python\Python37-32\Scripts;C:\Users\Aurel\AppData\Local\Programs\Python\Python37-32;C:\Program Files\Intel\WiFi\bin\;C:\Program Files\Common Files\Intel\WirelessCommon\;C:\Program Files\MiKTeX 2.9\miktex\bin\x64\;C:\wamp64\bin\php\php7.2.25;C:\Program Files\nodejs\;C:\Users\Aurel\AppData\Local\Programs\Python\Python37-32\Scripts\;C:\Users\Aurel\AppData\Local\Programs\Python\Python37-32\;C:\Users\Aurel\AppData\Local\Programs\Microsoft VS Code\bin;C:\Program Files\heroku\bin;C:\Users\Aurel\AppData\Roaming\Composer\vendor\bin;C:\Users\Aurel\AppData\Roaming\npm
USERNAME=Aurel
OS=Windows_NT
PROCESSOR_IDENTIFIER=Intel64 Family 6 Model 78 Stepping 3, GenuineIntel



---------------  S Y S T E M  ---------------

OS: Windows 10 , 64 bit Build 17134 (10.0.17134.753)
OS uptime: 8 days 5:35 hours

CPU:total 4 (initial active 4) (2 cores per cpu, 2 threads per core) family 6 model 78 stepping 3, cmov, cx8, fxsr, mmx, sse, sse2, sse3, ssse3, sse4.1, sse4.2, popcnt, avx, avx2, aes, clmul, erms, 3dnowpref, lzcnt, ht, tsc, tscinvbit, bmi1, bmi2, adx, fma

Memory: 4k page, system-wide physical 8103M (539M free)
TotalPageFile size 13631M (AvailPageFile size 5M)
current process WorkingSet (physical memory assigned to process): 180M, peak: 180M
current process commit charge ("private bytes"): 281M, peak: 287M

vm_info: Java HotSpot(TM) 64-Bit Server VM (14.0.2+12-46) for windows-amd64 JRE (14.0.2+12-46), built on Jul  9 2020 00:35:52 by "mach5one" with MS VC++ 15.9 (VS2017)

END.
