#
# There is insufficient memory for the Java Runtime Environment to continue.
# Native memory allocation (malloc) failed to allocate 4687552 bytes for Chunk::new
# Possible reasons:
#   The system is out of physical RAM or swap space
#   The process is running with CompressedOops enabled, and the Java Heap may be blocking the growth of the native heap
# Possible solutions:
#   Reduce memory load on the system
#   Increase physical memory or swap space
#   Check if swap backing store is full
#   Decrease Java heap size (-Xmx/-Xms)
#   Decrease number of Java threads
#   Decrease Java thread stack sizes (-Xss)
#   Set larger code cache with -XX:ReservedCodeCacheSize=
#   JVM is running with Unscaled Compressed Oops mode in which the Java heap is
#     placed in the first 4GB address space. The Java Heap base address is the
#     maximum limit for the native heap growth. Please use -XX:HeapBaseMinAddress
#     to set the Java Heap base and to place the Java Heap above 4GB virtual address.
# This output file may be truncated or incomplete.
#
#  Out of Memory Error (./open/src/hotspot/share/memory/arena.cpp:195), pid=16172, tid=10232
#
# JRE version: Java(TM) SE Runtime Environment (14.0.2+12) (build 14.0.2+12-46)
# Java VM: Java HotSpot(TM) 64-Bit Server VM (14.0.2+12-46, mixed mode, sharing, tiered, compressed oops, parallel gc, windows-amd64)
# No core dump will be written. Minidumps are not enabled by default on client versions of Windows
#

---------------  S U M M A R Y ------------

Command Line: --add-modules=ALL-SYSTEM --add-opens=java.base/java.util=ALL-UNNAMED --add-opens=java.base/java.lang=ALL-UNNAMED -Declipse.application=org.eclipse.jdt.ls.core.id1 -Dosgi.bundles.defaultStartLevel=4 -Declipse.product=org.eclipse.jdt.ls.core.product -Dfile.encoding=utf8 -DwatchParentProcess=false -XX:+UseParallelGC -XX:GCTimeRatio=4 -XX:AdaptiveSizePolicyWeight=90 -Dsun.zip.disableMemoryMapping=true -Xmx1G -Xms100m c:\Users\Aurel\.vscode\extensions\redhat.java-0.66.0\server\plugins\org.eclipse.equinox.launcher_1.5.800.v20200727-1323.jar -configuration c:\Users\Aurel\AppData\Roaming\Code\User\globalStorage\redhat.java\0.66.0\config_win -data c:\Users\Aurel\AppData\Roaming\Code\User\workspaceStorage\cd36652f1d942c2d52fc102882996ab9\redhat.java\jdt_ws

Host: Intel(R) Core(TM) i5-6200U CPU @ 2.30GHz, 4 cores, 7G,  Windows 10 , 64 bit Build 17134 (10.0.17134.753)
Time: Fri Sep 18 16:15:04 2020 Paris, Madrid (heure d?été) elapsed time: 4 seconds (0d 0h 0m 4s)

---------------  T H R E A D  ---------------

Current thread (0x0000025c1bdcc800):  JavaThread "C2 CompilerThread0" daemon [_thread_in_native, id=10232, stack(0x000000bde1500000,0x000000bde1600000)]


Current CompileTask:
C2:   4305 2487       4       org.eclipse.osgi.internal.loader.classpath.ClasspathManager::findLocalClassImpl (55 bytes)

Stack: [0x000000bde1500000,0x000000bde1600000]
Native frames: (J=compiled Java code, j=interpreted, Vv=VM code, C=native code)
V  [jvm.dll+0x5f8a9a]
V  [jvm.dll+0x74247a]
V  [jvm.dll+0x743c2f]
V  [jvm.dll+0x744273]
V  [jvm.dll+0x20d288]
V  [jvm.dll+0xabb07]
V  [jvm.dll+0xac1fc]
V  [jvm.dll+0x31c495]
V  [jvm.dll+0x18ce00]
V  [jvm.dll+0x1e5efa]
V  [jvm.dll+0x1e50b8]
V  [jvm.dll+0x1779cc]
V  [jvm.dll+0x1f4105]
V  [jvm.dll+0x1f22eb]
V  [jvm.dll+0x7070cd]
V  [jvm.dll+0x6ffeda]
V  [jvm.dll+0x5f78f6]
C  [ucrtbase.dll+0x1e3fe]
C  [KERNEL32.DLL+0x14034]
C  [ntdll.dll+0x73691]


---------------  P R O C E S S  ---------------

Threads class SMR info:
_java_thread_list=0x0000025c1e80aec0, length=21, elements={
0x0000025c7ff00800, 0x0000025c1bd91800, 0x0000025c7ffc0800, 0x0000025c1bd9e000,
0x0000025c1bd9f000, 0x0000025c1bda0800, 0x0000025c1bdcc800, 0x0000025c1bdcd800,
0x0000025c1bdcf800, 0x0000025c1d012000, 0x0000025c1d147800, 0x0000025c1d463000,
0x0000025c1d4f2800, 0x0000025c1d4f3000, 0x0000025c1d4ef800, 0x0000025c1d687000,
0x0000025c1d6fa000, 0x0000025c1da4d800, 0x0000025c1db23800, 0x0000025c1d99a000,
0x0000025c1e900800
}

Java Threads: ( => current thread )
  0x0000025c7ff00800 JavaThread "main" [_thread_blocked, id=13824, stack(0x000000bde0d00000,0x000000bde0e00000)]
  0x0000025c1bd91800 JavaThread "Reference Handler" daemon [_thread_blocked, id=11796, stack(0x000000bde1000000,0x000000bde1100000)]
  0x0000025c7ffc0800 JavaThread "Finalizer" daemon [_thread_blocked, id=15836, stack(0x000000bde1100000,0x000000bde1200000)]
  0x0000025c1bd9e000 JavaThread "Signal Dispatcher" daemon [_thread_blocked, id=19576, stack(0x000000bde1200000,0x000000bde1300000)]
  0x0000025c1bd9f000 JavaThread "Attach Listener" daemon [_thread_blocked, id=2124, stack(0x000000bde1300000,0x000000bde1400000)]
  0x0000025c1bda0800 JavaThread "Service Thread" daemon [_thread_blocked, id=20280, stack(0x000000bde1400000,0x000000bde1500000)]
=>0x0000025c1bdcc800 JavaThread "C2 CompilerThread0" daemon [_thread_in_native, id=10232, stack(0x000000bde1500000,0x000000bde1600000)]
  0x0000025c1bdcd800 JavaThread "C1 CompilerThread0" daemon [_thread_in_vm, id=16508, stack(0x000000bde1600000,0x000000bde1700000)]
  0x0000025c1bdcf800 JavaThread "Sweeper thread" daemon [_thread_blocked, id=10444, stack(0x000000bde1700000,0x000000bde1800000)]
  0x0000025c1d012000 JavaThread "Common-Cleaner" daemon [_thread_blocked, id=17268, stack(0x000000bde1800000,0x000000bde1900000)]
  0x0000025c1d147800 JavaThread "Notification Thread" daemon [_thread_blocked, id=7400, stack(0x000000bde1900000,0x000000bde1a00000)]
  0x0000025c1d463000 JavaThread "Active Thread: Equinox Container: f2fb56bf-8f57-4c9c-b705-0c3817f73cb7" [_thread_blocked, id=11512, stack(0x000000bde1c00000,0x000000bde1d00000)]
  0x0000025c1d4f2800 JavaThread "Framework Event Dispatcher: Equinox Container: f2fb56bf-8f57-4c9c-b705-0c3817f73cb7" daemon [_thread_blocked, id=17456, stack(0x000000bde1b00000,0x000000bde1c00000)]
  0x0000025c1d4f3000 JavaThread "Start Level: Equinox Container: f2fb56bf-8f57-4c9c-b705-0c3817f73cb7" daemon [_thread_in_Java, id=1404, stack(0x000000bde1d00000,0x000000bde1e00000)]
  0x0000025c1d4ef800 JavaThread "SCR Component Actor" daemon [_thread_blocked, id=19336, stack(0x000000bde2100000,0x000000bde2200000)]
  0x0000025c1d687000 JavaThread "Timer-0" daemon [_thread_blocked, id=15144, stack(0x000000bde2200000,0x000000bde2300000)]
  0x0000025c1d6fa000 JavaThread "Worker-JM" [_thread_blocked, id=1092, stack(0x000000bde2300000,0x000000bde2400000)]
  0x0000025c1da4d800 JavaThread "Worker-0" [_thread_blocked, id=12684, stack(0x000000bde2400000,0x000000bde2500000)]
  0x0000025c1db23800 JavaThread "Worker-1" [_thread_blocked, id=13540, stack(0x000000bde2500000,0x000000bde2600000)]
  0x0000025c1d99a000 JavaThread "Java indexing" daemon [_thread_blocked, id=7184, stack(0x000000bde2600000,0x000000bde2700000)]
  0x0000025c1e900800 JavaThread "C2 CompilerThread1" daemon [_thread_in_native, id=16928, stack(0x000000bde2700000,0x000000bde2800000)]

Other Threads:
  0x0000025c1bd8f000 VMThread "VM Thread" [stack: 0x000000bde0f00000,0x000000bde1000000] [id=19216]
  0x0000025c1d0bf000 WatcherThread [stack: 0x000000bde1a00000,0x000000bde1b00000] [id=17144]
  0x0000025c7ff17000 GCTaskThread "GC Thread#0" [stack: 0x000000bde0e00000,0x000000bde0f00000] [id=19508]
  0x0000025c1d634000 GCTaskThread "GC Thread#1" [stack: 0x000000bde1e00000,0x000000bde1f00000] [id=15028]
  0x0000025c1d634800 GCTaskThread "GC Thread#2" [stack: 0x000000bde1f00000,0x000000bde2000000] [id=11692]
  0x0000025c1d635800 GCTaskThread "GC Thread#3" [stack: 0x000000bde2000000,0x000000bde2100000] [id=18868]

Threads with active compile tasks:
C2 CompilerThread0     4346 2487       4       org.eclipse.osgi.internal.loader.classpath.ClasspathManager::findLocalClassImpl (55 bytes)
C1 CompilerThread0     4346 3024       3       java.util.IdentityHashMap::containsKey (55 bytes)
C2 CompilerThread1     4346 3005   !   4       com.google.inject.spi.InjectionPoint::getInjectionPoints (489 bytes)

VM state:not at safepoint (normal execution)

VM Mutex/Monitor currently owned by a thread: None

Heap address: 0x00000000c0000000, size: 1024 MB, Compressed Oops mode: 32-bit
Narrow klass base: 0x0000000800000000, Narrow klass shift: 3
Compressed class space size: 1073741824 Address: 0x0000000800b30000

Heap:
 PSYoungGen      total 29184K, used 7344K [0x00000000eab00000, 0x00000000ecb80000, 0x0000000100000000)
  eden space 25088K, 14% used [0x00000000eab00000,0x00000000eaeab130,0x00000000ec380000)
  from space 4096K, 87% used [0x00000000ec400000,0x00000000ec780fd0,0x00000000ec800000)
  to   space 3584K, 0% used [0x00000000ec800000,0x00000000ec800000,0x00000000ecb80000)
 ParOldGen       total 68608K, used 8356K [0x00000000c0000000, 0x00000000c4300000, 0x00000000eab00000)
  object space 68608K, 12% used [0x00000000c0000000,0x00000000c08292b0,0x00000000c4300000)
 Metaspace       used 29069K, capacity 30472K, committed 30592K, reserved 1077248K
  class space    used 3108K, capacity 3650K, committed 3712K, reserved 1048576K

Card table byte_map: [0x0000025c18e80000,0x0000025c19090000] _byte_map_base: 0x0000025c18880000

Marking Bits: (ParMarkBitMap*) 0x00007ffaf2e7a220
 Begin Bits: [0x0000025c191f0000, 0x0000025c1a1f0000)
 End Bits:   [0x0000025c1a1f0000, 0x0000025c1b1f0000)

Polling page: 0x0000025c09c70000

Metaspace:

Usage:
  Non-class:     26.19 MB capacity,    25.35 MB ( 97%) used,   811.30 KB (  3%) free+waste,    49.81 KB ( <1%) overhead. 
      Class:      3.56 MB capacity,     3.04 MB ( 85%) used,   516.60 KB ( 14%) free+waste,    24.94 KB ( <1%) overhead. 
       Both:     29.76 MB capacity,    28.39 MB ( 95%) used,     1.30 MB (  4%) free+waste,    74.75 KB ( <1%) overhead. 

Virtual space:
  Non-class space:       28.00 MB reserved,      26.25 MB ( 94%) committed 
      Class space:        1.00 GB reserved,       3.63 MB ( <1%) committed 
             Both:        1.03 GB reserved,      29.88 MB (  3%) committed 

Chunk freelists:
   Non-Class:  58.00 KB
       Class:  30.00 KB
        Both:  88.00 KB

MaxMetaspaceSize: 17179869184.00 GB
CompressedClassSpaceSize: 1.00 GB

CodeHeap 'non-profiled nmethods': size=120000Kb used=1252Kb max_used=1252Kb free=118747Kb
 bounds [0x0000025c11760000, 0x0000025c119d0000, 0x0000025c18c90000]
CodeHeap 'profiled nmethods': size=120000Kb used=6692Kb max_used=6692Kb free=113307Kb
 bounds [0x0000025c0a230000, 0x0000025c0a8c0000, 0x0000025c11760000]
CodeHeap 'non-nmethods': size=5760Kb used=1258Kb max_used=1310Kb free=4501Kb
 bounds [0x0000025c09c90000, 0x0000025c09f00000, 0x0000025c0a230000]
 total_blobs=3552 nmethods=3018 adapters=447
 compilation: enabled
              stopped_count=0, restarted_count=0
 full_count=0

Compilation events (20 events):
Event: 4.280 Thread 0x0000025c1bdcd800 2979       3       org.eclipse.sisu.space.asm.ClassWriter::newUTF8 (70 bytes)
Event: 4.280 Thread 0x0000025c1bdcd800 nmethod 2979 0x0000025c0a89d810 code [0x0000025c0a89da00, 0x0000025c0a89dd98]
Event: 4.281 Thread 0x0000025c1bdcd800 2980       3       com.google.common.collect.CollectPreconditions::checkNonnegative (37 bytes)
Event: 4.281 Thread 0x0000025c1bdcd800 nmethod 2980 0x0000025c0a89df90 code [0x0000025c0a89e180, 0x0000025c0a89e4d8]
Event: 4.292 Thread 0x0000025c1bdcd800 2981       3       com.google.inject.internal.Scoping::forInstance (31 bytes)
Event: 4.292 Thread 0x0000025c1bdcd800 nmethod 2981 0x0000025c0a89e690 code [0x0000025c0a89e860, 0x0000025c0a89ebf8]
Event: 4.293 Thread 0x0000025c1bdcd800 2982       3       org.eclipse.sisu.wire.DependencyAnalyzer::analyzeDependencies (78 bytes)
Event: 4.294 Thread 0x0000025c1bdcd800 nmethod 2982 0x0000025c0a89ed90 code [0x0000025c0a89f000, 0x0000025c0a89fa68]
Event: 4.294 Thread 0x0000025c1bdcd800 2984       3       org.eclipse.sisu.wire.DependencyAnalyzer::analyzeInjectionPoints (47 bytes)
Event: 4.295 Thread 0x0000025c1bdcd800 nmethod 2984 0x0000025c0a89fe10 code [0x0000025c0a8a0000, 0x0000025c0a8a05d8]
Event: 4.295 Thread 0x0000025c1bdcd800 2985       3       com.google.inject.internal.AbstractBindingBuilder::in (28 bytes)
Event: 4.296 Thread 0x0000025c1bdcd800 nmethod 2985 0x0000025c0a8a0790 code [0x0000025c0a8a09c0, 0x0000025c0a8a1478]
Event: 4.296 Thread 0x0000025c1bdcd800 2986       3       com.google.inject.internal.AbstractBindingBuilder::checkNotScoped (55 bytes)
Event: 4.297 Thread 0x0000025c1e900800 nmethod 2976 0x0000025c11894690 code [0x0000025c11894920, 0x0000025c11895728]
Event: 4.297 Thread 0x0000025c1e900800 2983       4       java.util.HashMap::getNode (148 bytes)
Event: 4.297 Thread 0x0000025c1bdcd800 nmethod 2986 0x0000025c0a8a1790 code [0x0000025c0a8a1b20, 0x0000025c0a8a3738]
Event: 4.299 Thread 0x0000025c1bdcd800 2987       3       com.google.inject.internal.MoreTypes$ParameterizedTypeImpl::hashCode (24 bytes)
Event: 4.299 Thread 0x0000025c1bdcd800 nmethod 2987 0x0000025c0a8a4010 code [0x0000025c0a8a41e0, 0x0000025c0a8a4608]
Event: 4.300 Thread 0x0000025c1bdcd800 2988       3       sun.reflect.generics.reflectiveObjects.ParameterizedTypeImpl::getRawType (5 bytes)
Event: 4.301 Thread 0x0000025c1bdcd800 nmethod 2988 0x0000025c0a8a4790 code [0x0000025c0a8a4920, 0x0000025c0a8a4a58]

GC Heap History (12 events):
Event: 1.133 GC heap before
{Heap before GC invocations=1 (full 0):
 PSYoungGen      total 29696K, used 25600K [0x00000000eab00000, 0x00000000ecc00000, 0x0000000100000000)
  eden space 25600K, 100% used [0x00000000eab00000,0x00000000ec400000,0x00000000ec400000)
  from space 4096K, 0% used [0x00000000ec800000,0x00000000ec800000,0x00000000ecc00000)
  to   space 4096K, 0% used [0x00000000ec400000,0x00000000ec400000,0x00000000ec800000)
 ParOldGen       total 68608K, used 0K [0x00000000c0000000, 0x00000000c4300000, 0x00000000eab00000)
  object space 68608K, 0% used [0x00000000c0000000,0x00000000c0000000,0x00000000c4300000)
 Metaspace       used 7008K, capacity 7493K, committed 7680K, reserved 1056768K
  class space    used 691K, capacity 734K, committed 768K, reserved 1048576K
}
Event: 1.142 GC heap after
{Heap after GC invocations=1 (full 0):
 PSYoungGen      total 29696K, used 4082K [0x00000000eab00000, 0x00000000ecc00000, 0x0000000100000000)
  eden space 25600K, 0% used [0x00000000eab00000,0x00000000eab00000,0x00000000ec400000)
  from space 4096K, 99% used [0x00000000ec400000,0x00000000ec7fcb68,0x00000000ec800000)
  to   space 4096K, 0% used [0x00000000ec800000,0x00000000ec800000,0x00000000ecc00000)
 ParOldGen       total 68608K, used 384K [0x00000000c0000000, 0x00000000c4300000, 0x00000000eab00000)
  object space 68608K, 0% used [0x00000000c0000000,0x00000000c0060010,0x00000000c4300000)
 Metaspace       used 7008K, capacity 7493K, committed 7680K, reserved 1056768K
  class space    used 691K, capacity 734K, committed 768K, reserved 1048576K
}
Event: 2.038 GC heap before
{Heap before GC invocations=2 (full 0):
 PSYoungGen      total 29696K, used 29682K [0x00000000eab00000, 0x00000000ecc00000, 0x0000000100000000)
  eden space 25600K, 100% used [0x00000000eab00000,0x00000000ec400000,0x00000000ec400000)
  from space 4096K, 99% used [0x00000000ec400000,0x00000000ec7fcb68,0x00000000ec800000)
  to   space 4096K, 0% used [0x00000000ec800000,0x00000000ec800000,0x00000000ecc00000)
 ParOldGen       total 68608K, used 384K [0x00000000c0000000, 0x00000000c4300000, 0x00000000eab00000)
  object space 68608K, 0% used [0x00000000c0000000,0x00000000c0060010,0x00000000c4300000)
 Metaspace       used 17300K, capacity 18307K, committed 18432K, reserved 1064960K
  class space    used 1611K, capacity 1932K, committed 2048K, reserved 1048576K
}
Event: 2.048 GC heap after
{Heap after GC invocations=2 (full 0):
 PSYoungGen      total 29696K, used 4080K [0x00000000eab00000, 0x00000000ecc00000, 0x0000000100000000)
  eden space 25600K, 0% used [0x00000000eab00000,0x00000000eab00000,0x00000000ec400000)
  from space 4096K, 99% used [0x00000000ec800000,0x00000000ecbfc1c8,0x00000000ecc00000)
  to   space 4096K, 0% used [0x00000000ec400000,0x00000000ec400000,0x00000000ec800000)
 ParOldGen       total 68608K, used 3036K [0x00000000c0000000, 0x00000000c4300000, 0x00000000eab00000)
  object space 68608K, 4% used [0x00000000c0000000,0x00000000c02f7088,0x00000000c4300000)
 Metaspace       used 17300K, capacity 18307K, committed 18432K, reserved 1064960K
  class space    used 1611K, capacity 1932K, committed 2048K, reserved 1048576K
}
Event: 2.338 GC heap before
{Heap before GC invocations=3 (full 0):
 PSYoungGen      total 29696K, used 16013K [0x00000000eab00000, 0x00000000ecc00000, 0x0000000100000000)
  eden space 25600K, 46% used [0x00000000eab00000,0x00000000eb6a73f0,0x00000000ec400000)
  from space 4096K, 99% used [0x00000000ec800000,0x00000000ecbfc1c8,0x00000000ecc00000)
  to   space 4096K, 0% used [0x00000000ec400000,0x00000000ec400000,0x00000000ec800000)
 ParOldGen       total 68608K, used 3036K [0x00000000c0000000, 0x00000000c4300000, 0x00000000eab00000)
  object space 68608K, 4% used [0x00000000c0000000,0x00000000c02f7088,0x00000000c4300000)
 Metaspace       used 20136K, capacity 21151K, committed 21248K, reserved 1069056K
  class space    used 1916K, capacity 2289K, committed 2304K, reserved 1048576K
}
Event: 2.346 GC heap after
{Heap after GC invocations=3 (full 0):
 PSYoungGen      total 29696K, used 4072K [0x00000000eab00000, 0x00000000ecc00000, 0x0000000100000000)
  eden space 25600K, 0% used [0x00000000eab00000,0x00000000eab00000,0x00000000ec400000)
  from space 4096K, 99% used [0x00000000ec400000,0x00000000ec7fa158,0x00000000ec800000)
  to   space 4096K, 0% used [0x00000000ec800000,0x00000000ec800000,0x00000000ecc00000)
 ParOldGen       total 68608K, used 4447K [0x00000000c0000000, 0x00000000c4300000, 0x00000000eab00000)
  object space 68608K, 6% used [0x00000000c0000000,0x00000000c0457f18,0x00000000c4300000)
 Metaspace       used 20136K, capacity 21151K, committed 21248K, reserved 1069056K
  class space    used 1916K, capacity 2289K, committed 2304K, reserved 1048576K
}
Event: 2.346 GC heap before
{Heap before GC invocations=4 (full 1):
 PSYoungGen      total 29696K, used 4072K [0x00000000eab00000, 0x00000000ecc00000, 0x0000000100000000)
  eden space 25600K, 0% used [0x00000000eab00000,0x00000000eab00000,0x00000000ec400000)
  from space 4096K, 99% used [0x00000000ec400000,0x00000000ec7fa158,0x00000000ec800000)
  to   space 4096K, 0% used [0x00000000ec800000,0x00000000ec800000,0x00000000ecc00000)
 ParOldGen       total 68608K, used 4447K [0x00000000c0000000, 0x00000000c4300000, 0x00000000eab00000)
  object space 68608K, 6% used [0x00000000c0000000,0x00000000c0457f18,0x00000000c4300000)
 Metaspace       used 20136K, capacity 21151K, committed 21248K, reserved 1069056K
  class space    used 1916K, capacity 2289K, committed 2304K, reserved 1048576K
}
Event: 2.381 GC heap after
{Heap after GC invocations=4 (full 1):
 PSYoungGen      total 29696K, used 0K [0x00000000eab00000, 0x00000000ecc00000, 0x0000000100000000)
  eden space 25600K, 0% used [0x00000000eab00000,0x00000000eab00000,0x00000000ec400000)
  from space 4096K, 0% used [0x00000000ec400000,0x00000000ec400000,0x00000000ec800000)
  to   space 4096K, 0% used [0x00000000ec800000,0x00000000ec800000,0x00000000ecc00000)
 ParOldGen       total 68608K, used 8340K [0x00000000c0000000, 0x00000000c4300000, 0x00000000eab00000)
  object space 68608K, 12% used [0x00000000c0000000,0x00000000c08252b0,0x00000000c4300000)
 Metaspace       used 20136K, capacity 21151K, committed 21248K, reserved 1069056K
  class space    used 1916K, capacity 2289K, committed 2304K, reserved 1048576K
}
Event: 3.303 GC heap before
{Heap before GC invocations=5 (full 1):
 PSYoungGen      total 29696K, used 25600K [0x00000000eab00000, 0x00000000ecc00000, 0x0000000100000000)
  eden space 25600K, 100% used [0x00000000eab00000,0x00000000ec400000,0x00000000ec400000)
  from space 4096K, 0% used [0x00000000ec400000,0x00000000ec400000,0x00000000ec800000)
  to   space 4096K, 0% used [0x00000000ec800000,0x00000000ec800000,0x00000000ecc00000)
 ParOldGen       total 68608K, used 8340K [0x00000000c0000000, 0x00000000c4300000, 0x00000000eab00000)
  object space 68608K, 12% used [0x00000000c0000000,0x00000000c08252b0,0x00000000c4300000)
 Metaspace       used 24308K, capacity 25624K, committed 25856K, reserved 1073152K
  class space    used 2506K, capacity 2973K, committed 3072K, reserved 1048576K
}
Event: 3.305 GC heap after
{Heap after GC invocations=5 (full 1):
 PSYoungGen      total 29696K, used 1776K [0x00000000eab00000, 0x00000000ecc00000, 0x0000000100000000)
  eden space 25600K, 0% used [0x00000000eab00000,0x00000000eab00000,0x00000000ec400000)
  from space 4096K, 43% used [0x00000000ec800000,0x00000000ec9bc060,0x00000000ecc00000)
  to   space 4096K, 0% used [0x00000000ec400000,0x00000000ec400000,0x00000000ec800000)
 ParOldGen       total 68608K, used 8348K [0x00000000c0000000, 0x00000000c4300000, 0x00000000eab00000)
  object space 68608K, 12% used [0x00000000c0000000,0x00000000c08272b0,0x00000000c4300000)
 Metaspace       used 24308K, capacity 25624K, committed 25856K, reserved 1073152K
  class space    used 2506K, capacity 2973K, committed 3072K, reserved 1048576K
}
Event: 4.216 GC heap before
{Heap before GC invocations=6 (full 1):
 PSYoungGen      total 29696K, used 27376K [0x00000000eab00000, 0x00000000ecc00000, 0x0000000100000000)
  eden space 25600K, 100% used [0x00000000eab00000,0x00000000ec400000,0x00000000ec400000)
  from space 4096K, 43% used [0x00000000ec800000,0x00000000ec9bc060,0x00000000ecc00000)
  to   space 4096K, 0% used [0x00000000ec400000,0x00000000ec400000,0x00000000ec800000)
 ParOldGen       total 68608K, used 8348K [0x00000000c0000000, 0x00000000c4300000, 0x00000000eab00000)
  object space 68608K, 12% used [0x00000000c0000000,0x00000000c08272b0,0x00000000c4300000)
 Metaspace       used 28375K, capacity 29788K, committed 29952K, reserved 1075200K
  class space    used 3042K, capacity 3550K, committed 3584K, reserved 1048576K
}
Event: 4.220 GC heap after
{Heap after GC invocations=6 (full 1):
 PSYoungGen      total 29184K, used 3587K [0x00000000eab00000, 0x00000000ecb80000, 0x0000000100000000)
  eden space 25088K, 0% used [0x00000000eab00000,0x00000000eab00000,0x00000000ec380000)
  from space 4096K, 87% used [0x00000000ec400000,0x00000000ec780fd0,0x00000000ec800000)
  to   space 3584K, 0% used [0x00000000ec800000,0x00000000ec800000,0x00000000ecb80000)
 ParOldGen       total 68608K, used 8356K [0x00000000c0000000, 0x00000000c4300000, 0x00000000eab00000)
  object space 68608K, 12% used [0x00000000c0000000,0x00000000c08292b0,0x00000000c4300000)
 Metaspace       used 28375K, capacity 29788K, committed 29952K, reserved 1075200K
  class space    used 3042K, capacity 3550K, committed 3584K, reserved 1048576K
}

Deoptimization events (20 events):
Event: 3.727 Thread 0x0000025c1d4f3000 DEOPT PACKING pc=0x0000025c1185477c sp=0x000000bde1dfc700
Event: 3.727 Thread 0x0000025c1d4f3000 DEOPT UNPACKING pc=0x0000025c09cd912f sp=0x000000bde1dfc688 mode 2
Event: 3.840 Thread 0x0000025c1d4f3000 Uncommon trap: trap_request=0xffffffc6 fr.pc=0x0000025c117f6b1c relative=0x00000000000002bc
Event: 3.840 Thread 0x0000025c1d4f3000 Uncommon trap: reason=bimorphic_or_optimized_type_check action=maybe_recompile pc=0x0000025c117f6b1c method=java.util.Collections$UnmodifiableCollection$1.<init>(Ljava/util/Collections$UnmodifiableCollection;)V @ 17 c2
Event: 3.840 Thread 0x0000025c1d4f3000 DEOPT PACKING pc=0x0000025c117f6b1c sp=0x000000bde1dfc8d0
Event: 3.840 Thread 0x0000025c1d4f3000 DEOPT UNPACKING pc=0x0000025c09cd912f sp=0x000000bde1dfc808 mode 2
Event: 3.962 Thread 0x0000025c1d4f3000 DEOPT PACKING pc=0x0000025c0a6ed4b2 sp=0x000000bde1dfc0f0
Event: 3.962 Thread 0x0000025c1d4f3000 DEOPT UNPACKING pc=0x0000025c09cd964e sp=0x000000bde1dfb5a8 mode 0
Event: 3.964 Thread 0x0000025c1d4f3000 DEOPT PACKING pc=0x0000025c0a6ed4b2 sp=0x000000bde1dfc110
Event: 3.964 Thread 0x0000025c1d4f3000 DEOPT UNPACKING pc=0x0000025c09cd964e sp=0x000000bde1dfb5c8 mode 0
Event: 3.967 Thread 0x0000025c1d4f3000 DEOPT PACKING pc=0x0000025c0a6ed4b2 sp=0x000000bde1dfc100
Event: 3.967 Thread 0x0000025c1d4f3000 DEOPT UNPACKING pc=0x0000025c09cd964e sp=0x000000bde1dfb5b8 mode 0
Event: 3.969 Thread 0x0000025c1d4f3000 DEOPT PACKING pc=0x0000025c0a6ed4b2 sp=0x000000bde1dfc070
Event: 3.969 Thread 0x0000025c1d4f3000 DEOPT UNPACKING pc=0x0000025c09cd964e sp=0x000000bde1dfb528 mode 0
Event: 4.038 Thread 0x0000025c1d4f3000 DEOPT PACKING pc=0x0000025c0a6e8293 sp=0x000000bde1dfc070
Event: 4.038 Thread 0x0000025c1d4f3000 DEOPT UNPACKING pc=0x0000025c09cd964e sp=0x000000bde1dfb528 mode 0
Event: 4.298 Thread 0x0000025c1d4f3000 Uncommon trap: trap_request=0xffffff76 fr.pc=0x0000025c118952b8 relative=0x0000000000000998
Event: 4.298 Thread 0x0000025c1d4f3000 Uncommon trap: reason=predicate action=maybe_recompile pc=0x0000025c118952b8 method=java.util.TimSort.binarySort([Ljava/lang/Object;IIILjava/util/Comparator;)V @ 34 c2
Event: 4.298 Thread 0x0000025c1d4f3000 DEOPT PACKING pc=0x0000025c118952b8 sp=0x000000bde1dfc0b0
Event: 4.298 Thread 0x0000025c1d4f3000 DEOPT UNPACKING pc=0x0000025c09cd912f sp=0x000000bde1dfc060 mode 2

Classes unloaded (0 events):
No events

Classes redefined (0 events):
No events

Internal exceptions (20 events):
Event: 0.639 Thread 0x0000025c7ff00800 Exception <a 'java/lang/IncompatibleClassChangeError'{0x00000000eb8e6218}: Found class java.lang.Object, but interface was expected> (0x00000000eb8e6218) 
thrown [./open/src/hotspot/share/interpreter/linkResolver.cpp, line 832]
Event: 0.640 Thread 0x0000025c7ff00800 Exception <a 'java/lang/NoSuchMethodError'{0x00000000eb8e8fe0}: 'void java.lang.invoke.DirectMethodHandle$Holder.invokeStaticInit(java.lang.Object, java.lang.Object)'> (0x00000000eb8e8fe0) 
thrown [./open/src/hotspot/share/interpreter/linkResolver.cpp, line 766]
Event: 0.642 Thread 0x0000025c7ff00800 Exception <a 'java/lang/NoSuchMethodError'{0x00000000eb8edf10}: 'int java.lang.invoke.DirectMethodHandle$Holder.invokeStaticInit(java.lang.Object, java.lang.Object)'> (0x00000000eb8edf10) 
thrown [./open/src/hotspot/share/interpreter/linkResolver.cpp, line 766]
Event: 0.730 Thread 0x0000025c7ff00800 Exception <a 'java/lang/NoSuchMethodError'{0x00000000ebab5668}: 'int java.lang.invoke.DirectMethodHandle$Holder.invokeSpecialIFC(java.lang.Object, java.lang.Object, int)'> (0x00000000ebab5668) 
thrown [./open/src/hotspot/share/interpreter/linkResolver.cpp, line 766]
Event: 0.952 Thread 0x0000025c7ff00800 Exception <a 'java/lang/NoSuchMethodError'{0x00000000ebfe1080}: 'java.lang.Object java.lang.invoke.DirectMethodHandle$Holder.invokeStatic(java.lang.Object, int, java.lang.Object)'> (0x00000000ebfe1080) 
thrown [./open/src/hotspot/share/interpreter/linkResolver.cpp, line 766]
Event: 0.956 Thread 0x0000025c7ff00800 Exception <a 'java/lang/NoSuchMethodError'{0x00000000ebffb440}: 'java.lang.Object java.lang.invoke.Invokers$Holder.linkToTargetMethod(java.lang.Object, java.lang.Object, java.lang.Object, int, java.lang.Object, java.lang.Object)'> (0x00000000ebffb440) 
thrown [./open/src/hotspot/share/interpreter/linkResolver.cpp, line 766]
Event: 1.128 Thread 0x0000025c1d4f2800 Implicit null exception at 0x0000025c1178d5bb to 0x0000025c1178d6dc
Event: 1.131 Thread 0x0000025c7ff00800 Exception <a 'java/lang/UnsatisfiedLinkError'{0x00000000ec3485e0}: 'void org.eclipse.equinox.launcher.JNIBridge._update_splash()'> (0x00000000ec3485e0) 
thrown [./open/src/hotspot/share/prims/nativeLookup.cpp, line 408]
Event: 1.287 Thread 0x0000025c1d4f3000 Exception <a 'java/io/FileNotFoundException'{0x00000000eaf46178}> (0x00000000eaf46178) 
thrown [./open/src/hotspot/share/prims/jni.cpp, line 599]
Event: 1.563 Thread 0x0000025c1d4f3000 Exception <a 'java/lang/NoSuchMethodError'{0x00000000eb5ec888}: 'void java.lang.invoke.DirectMethodHandle$Holder.invokeSpecial(java.lang.Object, java.lang.Object, java.lang.Object, java.lang.Object)'> (0x00000000eb5ec888) 
thrown [./open/src/hotspot/share/interpreter/linkResolver.cpp, line 766]
Event: 1.571 Thread 0x0000025c1d4f3000 Exception <a 'java/io/FileNotFoundException'{0x00000000eb614dd0}> (0x00000000eb614dd0) 
thrown [./open/src/hotspot/share/prims/jni.cpp, line 599]
Event: 1.795 Thread 0x0000025c1d4f3000 Exception <a 'java/io/FileNotFoundException'{0x00000000eba4b1e0}> (0x00000000eba4b1e0) 
thrown [./open/src/hotspot/share/prims/jni.cpp, line 599]
Event: 1.796 Thread 0x0000025c1d4f3000 Exception <a 'java/io/FileNotFoundException'{0x00000000eba4c2f8}> (0x00000000eba4c2f8) 
thrown [./open/src/hotspot/share/prims/jni.cpp, line 599]
Event: 1.796 Thread 0x0000025c1d4f3000 Exception <a 'java/io/FileNotFoundException'{0x00000000eba4d420}> (0x00000000eba4d420) 
thrown [./open/src/hotspot/share/prims/jni.cpp, line 599]
Event: 1.907 Thread 0x0000025c1d4f3000 Exception <a 'java/lang/NoSuchMethodError'{0x00000000ebe0a790}: 'int java.lang.invoke.DirectMethodHandle$Holder.invokeStaticInit(java.lang.Object, java.lang.Object, java.lang.Object)'> (0x00000000ebe0a790) 
thrown [./open/src/hotspot/share/interpreter/linkResolver.cpp, line 766]
Event: 2.056 Thread 0x0000025c1d4f3000 Exception <a 'java/io/FileNotFoundException'{0x00000000eb134918}> (0x00000000eb134918) 
thrown [./open/src/hotspot/share/prims/jni.cpp, line 599]
Event: 2.106 Thread 0x0000025c1d4f3000 Exception <a 'java/io/FileNotFoundException'{0x00000000eb2f2b80}> (0x00000000eb2f2b80) 
thrown [./open/src/hotspot/share/prims/jni.cpp, line 599]
Event: 2.219 Thread 0x0000025c1d4f3000 Exception <a 'java/lang/ClassNotFoundException'{0x00000000eb40d680}: com/sun/org/apache/xml/internal/serializer/spi/XMLEntitiesProvider> (0x00000000eb40d680) 
thrown [./open/src/hotspot/share/classfile/systemDictionary.cpp, line 226]
Event: 2.405 Thread 0x0000025c1d4f3000 Exception <a 'java/io/FileNotFoundException'{0x00000000eab678a8}> (0x00000000eab678a8) 
thrown [./open/src/hotspot/share/prims/jni.cpp, line 599]
Event: 2.586 Thread 0x0000025c1d4f3000 Exception <a 'java/lang/NoClassDefFoundError'{0x00000000ead708e0}: org/slf4j/impl/StaticLoggerBinder> (0x00000000ead708e0) 
thrown [./open/src/hotspot/share/classfile/systemDictionary.cpp, line 215]

Events (20 events):
Event: 3.653 loading class javax/net/ssl/SSLSocketFactory
Event: 3.653 loading class javax/net/SocketFactory
Event: 3.653 loading class javax/net/SocketFactory done
Event: 3.653 loading class javax/net/ssl/SSLSocketFactory done
Event: 3.738 Executing VM operation: HandshakeAllThreads
Event: 3.738 Executing VM operation: HandshakeAllThreads done
Event: 3.740 Executing VM operation: HandshakeAllThreads
Event: 3.740 Executing VM operation: HandshakeAllThreads done
Event: 3.811 loading class sun/reflect/generics/scope/MethodScope
Event: 3.812 loading class sun/reflect/generics/scope/MethodScope done
Event: 3.812 loading class sun/reflect/generics/repository/MethodRepository
Event: 3.812 loading class sun/reflect/generics/repository/MethodRepository done
Event: 3.865 Executing VM operation: HandshakeAllThreads
Event: 3.865 Executing VM operation: HandshakeAllThreads done
Event: 4.002 Executing VM operation: ICBufferFull
Event: 4.003 Executing VM operation: ICBufferFull done
Event: 4.216 Executing VM operation: ParallelGCFailedAllocation
Event: 4.220 Executing VM operation: ParallelGCFailedAllocation done
Event: 4.277 loading class java/lang/StringIndexOutOfBoundsException
Event: 4.277 loading class java/lang/StringIndexOutOfBoundsException done


Dynamic libraries:
0x00007ff76e3d0000 - 0x00007ff76e3df000 	C:\Program Files\Java\jdk-14.0.2\bin\java.exe
0x00007ffb4f950000 - 0x00007ffb4fb31000 	C:\WINDOWS\SYSTEM32\ntdll.dll
0x00007ffb4d1b0000 - 0x00007ffb4d261000 	C:\WINDOWS\System32\KERNEL32.DLL
0x00007ffb4bfe0000 - 0x00007ffb4c253000 	C:\WINDOWS\System32\KERNELBASE.dll
0x00007ffb4bee0000 - 0x00007ffb4bfd8000 	C:\WINDOWS\System32\ucrtbase.dll
0x00007ffb46930000 - 0x00007ffb46948000 	C:\Program Files\Java\jdk-14.0.2\bin\jli.dll
0x00007ffb40380000 - 0x00007ffb40395000 	C:\Program Files\Java\jdk-14.0.2\bin\VCRUNTIME140.dll
0x00007ffb4dde0000 - 0x00007ffb4de81000 	C:\WINDOWS\System32\ADVAPI32.dll
0x00007ffb4e3d0000 - 0x00007ffb4e46e000 	C:\WINDOWS\System32\msvcrt.dll
0x00007ffb4df30000 - 0x00007ffb4df8b000 	C:\WINDOWS\System32\sechost.dll
0x00007ffb4dcb0000 - 0x00007ffb4ddd4000 	C:\WINDOWS\System32\RPCRT4.dll
0x00007ffb4e1c0000 - 0x00007ffb4e350000 	C:\WINDOWS\System32\USER32.dll
0x00007ffb4bec0000 - 0x00007ffb4bee0000 	C:\WINDOWS\System32\win32u.dll
0x00007ffb4e470000 - 0x00007ffb4e498000 	C:\WINDOWS\System32\GDI32.dll
0x00007ffb4bd20000 - 0x00007ffb4beb1000 	C:\WINDOWS\System32\gdi32full.dll
0x00007ffb4cd40000 - 0x00007ffb4cddf000 	C:\WINDOWS\System32\msvcp_win.dll
0x00007ffb38180000 - 0x00007ffb383e9000 	C:\WINDOWS\WinSxS\amd64_microsoft.windows.common-controls_6595b64144ccf1df_6.0.17134.950_none_fb3da4273069d3e0\COMCTL32.dll
0x00007ffb4d830000 - 0x00007ffb4db52000 	C:\WINDOWS\System32\combase.dll
0x00007ffb4ccc0000 - 0x00007ffb4cd39000 	C:\WINDOWS\System32\bcryptPrimitives.dll
0x00007ffb3e040000 - 0x00007ffb3e04a000 	C:\WINDOWS\SYSTEM32\VERSION.dll
0x00007ffb4e4b0000 - 0x00007ffb4e4dd000 	C:\WINDOWS\System32\IMM32.DLL
0x00007ffb20300000 - 0x00007ffb2039b000 	C:\Program Files\Java\jdk-14.0.2\bin\msvcp140.dll
0x00007ffaf2420000 - 0x00007ffaf2f3e000 	C:\Program Files\Java\jdk-14.0.2\bin\server\jvm.dll
0x00007ffb4deb0000 - 0x00007ffb4deb8000 	C:\WINDOWS\System32\PSAPI.DLL
0x00007ffb2ca30000 - 0x00007ffb2ca39000 	C:\WINDOWS\SYSTEM32\WSOCK32.dll
0x00007ffb4dec0000 - 0x00007ffb4df2c000 	C:\WINDOWS\System32\WS2_32.dll
0x00007ffb49a80000 - 0x00007ffb49aa3000 	C:\WINDOWS\SYSTEM32\WINMM.dll
0x00007ffb49a50000 - 0x00007ffb49a7a000 	C:\WINDOWS\SYSTEM32\WINMMBASE.dll
0x00007ffb4c9d0000 - 0x00007ffb4ca19000 	C:\WINDOWS\System32\cfgmgr32.dll
0x00007ffb4bd00000 - 0x00007ffb4bd11000 	C:\WINDOWS\System32\kernel.appcore.dll
0x00007ffb47730000 - 0x00007ffb4773a000 	C:\Program Files\Java\jdk-14.0.2\bin\jimage.dll
0x00007ffb49d30000 - 0x00007ffb49ef9000 	C:\WINDOWS\SYSTEM32\DBGHELP.DLL
0x00007ffb2a700000 - 0x00007ffb2a729000 	C:\WINDOWS\SYSTEM32\dbgcore.DLL
0x00007ffb37440000 - 0x00007ffb37465000 	C:\Program Files\Java\jdk-14.0.2\bin\java.dll
0x00007ffb375b0000 - 0x00007ffb375c6000 	C:\Program Files\Java\jdk-14.0.2\bin\zip.dll
0x00007ffb4e4e0000 - 0x00007ffb4f920000 	C:\WINDOWS\System32\SHELL32.dll
0x00007ffb4e110000 - 0x00007ffb4e1b9000 	C:\WINDOWS\System32\shcore.dll
0x00007ffb4c260000 - 0x00007ffb4c96d000 	C:\WINDOWS\System32\windows.storage.dll
0x00007ffb4ce80000 - 0x00007ffb4ced1000 	C:\WINDOWS\System32\shlwapi.dll
0x00007ffb4bce0000 - 0x00007ffb4bcff000 	C:\WINDOWS\System32\profapi.dll
0x00007ffb4bc60000 - 0x00007ffb4bcac000 	C:\WINDOWS\System32\powrprof.dll
0x00007ffb4bcb0000 - 0x00007ffb4bcba000 	C:\WINDOWS\System32\FLTLIB.DLL
0x00007ffb26e00000 - 0x00007ffb26e19000 	C:\Program Files\Java\jdk-14.0.2\bin\net.dll
0x00007ffb41e60000 - 0x00007ffb41f3d000 	C:\WINDOWS\SYSTEM32\WINHTTP.dll
0x00007ffb4b480000 - 0x00007ffb4b4e6000 	C:\WINDOWS\system32\mswsock.dll
0x00007ffb26de0000 - 0x00007ffb26df2000 	C:\Program Files\Java\jdk-14.0.2\bin\nio.dll
0x00007ffb4b630000 - 0x00007ffb4b647000 	C:\WINDOWS\SYSTEM32\CRYPTSP.dll
0x00007ffb4b030000 - 0x00007ffb4b063000 	C:\WINDOWS\system32\rsaenh.dll
0x00007ffb4b760000 - 0x00007ffb4b785000 	C:\WINDOWS\SYSTEM32\bcrypt.dll
0x00007ffb4bb60000 - 0x00007ffb4bb88000 	C:\WINDOWS\SYSTEM32\USERENV.dll
0x00007ffb4b650000 - 0x00007ffb4b65b000 	C:\WINDOWS\SYSTEM32\CRYPTBASE.dll
0x00007ffb4b1d0000 - 0x00007ffb4b208000 	C:\WINDOWS\SYSTEM32\IPHLPAPI.DLL
0x00007ffb4d820000 - 0x00007ffb4d828000 	C:\WINDOWS\System32\NSI.dll
0x00007ffb40010000 - 0x00007ffb40026000 	C:\WINDOWS\SYSTEM32\dhcpcsvc6.DLL
0x00007ffb41d70000 - 0x00007ffb41d8a000 	C:\WINDOWS\SYSTEM32\dhcpcsvc.DLL
0x00007ffb259a0000 - 0x00007ffb259ca000 	C:\Users\Aurel\AppData\Roaming\Code\User\globalStorage\redhat.java\0.66.0\config_win\org.eclipse.equinox.launcher\org.eclipse.equinox.launcher.win32.win32.x86_64_1.1.1300.v20200819-0940\eclipse_11100.dll
0x00007ffb468d0000 - 0x00007ffb468e0000 	C:\Program Files\Java\jdk-14.0.2\bin\verify.dll

dbghelp: loaded successfully - version: 4.0.5 - missing functions: none
symbol engine: initialized successfully - sym options: 0x614 - pdb path: .;C:\Program Files\Java\jdk-14.0.2\bin;C:\WINDOWS\SYSTEM32;C:\WINDOWS\WinSxS\amd64_microsoft.windows.common-controls_6595b64144ccf1df_6.0.17134.950_none_fb3da4273069d3e0;C:\Program Files\Java\jdk-14.0.2\bin\server;C:\Users\Aurel\AppData\Roaming\Code\User\globalStorage\redhat.java\0.66.0\config_win\org.eclipse.equinox.launcher\org.eclipse.equinox.launcher.win32.win32.x86_64_1.1.1300.v20200819-0940

VM Arguments:
jvm_args: --add-modules=ALL-SYSTEM --add-opens=java.base/java.util=ALL-UNNAMED --add-opens=java.base/java.lang=ALL-UNNAMED -Declipse.application=org.eclipse.jdt.ls.core.id1 -Dosgi.bundles.defaultStartLevel=4 -Declipse.product=org.eclipse.jdt.ls.core.product -Dfile.encoding=utf8 -DwatchParentProcess=false -XX:+UseParallelGC -XX:GCTimeRatio=4 -XX:AdaptiveSizePolicyWeight=90 -Dsun.zip.disableMemoryMapping=true -Xmx1G -Xms100m 
java_command: c:\Users\Aurel\.vscode\extensions\redhat.java-0.66.0\server\plugins\org.eclipse.equinox.launcher_1.5.800.v20200727-1323.jar -configuration c:\Users\Aurel\AppData\Roaming\Code\User\globalStorage\redhat.java\0.66.0\config_win -data c:\Users\Aurel\AppData\Roaming\Code\User\workspaceStorage\cd36652f1d942c2d52fc102882996ab9\redhat.java\jdt_ws
java_class_path (initial): c:\Users\Aurel\.vscode\extensions\redhat.java-0.66.0\server\plugins\org.eclipse.equinox.launcher_1.5.800.v20200727-1323.jar
Launcher Type: SUN_STANDARD

[Global flags]
    uintx AdaptiveSizePolicyWeight                 = 90                                        {product} {command line}
     intx CICompilerCount                          = 3                                         {product} {ergonomic}
    uintx GCTimeRatio                              = 4                                         {product} {command line}
   size_t InitialHeapSize                          = 104857600                                 {product} {command line}
   size_t MaxHeapSize                              = 1073741824                                {product} {command line}
   size_t MaxNewSize                               = 357564416                                 {product} {ergonomic}
   size_t MinHeapDeltaBytes                        = 524288                                    {product} {ergonomic}
   size_t MinHeapSize                              = 104857600                                 {product} {command line}
   size_t NewSize                                  = 34603008                                  {product} {ergonomic}
    uintx NonNMethodCodeHeapSize                   = 5832780                                {pd product} {ergonomic}
    uintx NonProfiledCodeHeapSize                  = 122912730                              {pd product} {ergonomic}
   size_t OldSize                                  = 70254592                                  {product} {ergonomic}
    uintx ProfiledCodeHeapSize                     = 122912730                              {pd product} {ergonomic}
    uintx ReservedCodeCacheSize                    = 251658240                              {pd product} {ergonomic}
     bool SegmentedCodeCache                       = true                                      {product} {ergonomic}
   size_t SoftMaxHeapSize                          = 1073741824                             {manageable} {ergonomic}
     bool UseCompressedClassPointers               = true                                 {lp64_product} {ergonomic}
     bool UseCompressedOops                        = true                                 {lp64_product} {ergonomic}
     bool UseLargePagesIndividualAllocation        = false                                  {pd product} {ergonomic}
     bool UseParallelGC                            = true                                      {product} {command line}

Logging:
Log output configuration:
 #0: stdout all=warning uptime,level,tags
 #1: stderr all=off uptime,level,tags

Environment Variables:
PATH=C:\Program Files (x86)\Common Files\Oracle\Java\javapath;C:\Program Files (x86)\Intel\iCLS Client\;C:\oraclexe\app\oracle\product\11.2.0\server\bin;C:\Program Files\ImageMagick;C:\Program Files (x86)\ImageMagick-7.0.4-Q16;C:\ProgramData\Oracle\Java\javapath;C:\Program Files\Intel\iCLS Client\;C:\WINDOWS\system32;C:\WINDOWS;C:\WINDOWS\System32\Wbem;C:\WINDOWS\System32\WindowsPowerShell\v1.0\;C:\Program Files (x86)\Intel\Intel(R) Management Engine Components\DAL;C:\Program Files\Intel\Intel(R) Management Engine Components\DAL;C:\Program Files (x86)\Intel\Intel(R) Management Engine Components\IPT;C:\Program Files\Intel\Intel(R) Management Engine Components\IPT;C:\ProgramData\ComposerSetup\bin;C:\WINDOWS\System32\OpenSSH\;C:\Program Files\Git\cmd;C:\Users\Aurel\AppData\Local\Programs\Python\Python37-32\Scripts;C:\Users\Aurel\AppData\Local\Programs\Python\Python37-32;C:\Program Files\Intel\WiFi\bin\;C:\Program Files\Common Files\Intel\WirelessCommon\;C:\Program Files\MiKTeX 2.9\miktex\bin\x64\;C:\wamp64\bin\php\php7.2.25;C:\Program Files\nodejs\;C:\Users\Aurel\AppData\Local\Programs\Python\Python37-32\Scripts\;C:\Users\Aurel\AppData\Local\Programs\Python\Python37-32\;C:\Users\Aurel\AppData\Local\Programs\Microsoft VS Code\bin;C:\Program Files\heroku\bin;C:\Users\Aurel\AppData\Roaming\Composer\vendor\bin;C:\Users\Aurel\AppData\Roaming\npm
USERNAME=Aurel
OS=Windows_NT
PROCESSOR_IDENTIFIER=Intel64 Family 6 Model 78 Stepping 3, GenuineIntel



---------------  S Y S T E M  ---------------

OS: Windows 10 , 64 bit Build 17134 (10.0.17134.753)
OS uptime: 8 days 5:35 hours

CPU:total 4 (initial active 4) (2 cores per cpu, 2 threads per core) family 6 model 78 stepping 3, cmov, cx8, fxsr, mmx, sse, sse2, sse3, ssse3, sse4.1, sse4.2, popcnt, avx, avx2, aes, clmul, erms, 3dnowpref, lzcnt, ht, tsc, tscinvbit, bmi1, bmi2, adx, fma

Memory: 4k page, system-wide physical 8103M (543M free)
TotalPageFile size 13631M (AvailPageFile size 8M)
current process WorkingSet (physical memory assigned to process): 172M, peak: 178M
current process commit charge ("private bytes"): 278M, peak: 282M

vm_info: Java HotSpot(TM) 64-Bit Server VM (14.0.2+12-46) for windows-amd64 JRE (14.0.2+12-46), built on Jul  9 2020 00:35:52 by "mach5one" with MS VC++ 15.9 (VS2017)

END.
